<?xml version="1.0" encoding="UTF-8"?>
<TestRun id="f01332c4-8eba-427f-ac0b-7c956aeb16d9" name="rallen@RALLEN-PC 2011-04-23 16:30:51" runUser="rallen-PC\rallen" xmlns="http://microsoft.com/schemas/VisualStudio/TeamTest/2010">
  <TestSettings name="Local" id="85675982-c91d-4b81-92e0-5839181a35e7">
    <Description>These are default test settings for a local test run.</Description>
    <Deployment runDeploymentRoot="rallen_RALLEN-PC 2011-04-23 16_30_51">
      <DeploymentItem filename="C:\Users\rallen\Documents\Visual Studio 2010\Projects\ThermoFisherScientificCodeSamples\ThermoFisherScientificCodeSamples\bin\Debug\ThermoFisherScientificCodeSamples.dll" />
    </Deployment>
    <Execution>
      <TestTypeSpecific>
        <UnitTestRunConfig testTypeId="13cdc9d9-ddb5-4fa4-a97d-d965ccfc6d4b">
          <AssemblyResolution>
            <TestDirectory useLoadContext="true" />
          </AssemblyResolution>
        </UnitTestRunConfig>
        <WebTestRunConfiguration testTypeId="4e7599fa-5ecb-43e9-a887-cd63cf72d207">
          <Browser name="Internet Explorer 7.0">
            <Headers>
              <Header name="User-Agent" value="Mozilla/4.0 (compatible; MSIE 7.0; Windows NT 5.1)" />
              <Header name="Accept" value="*/*" />
              <Header name="Accept-Language" value="{{$IEAcceptLanguage}}" />
              <Header name="Accept-Encoding" value="GZIP" />
            </Headers>
          </Browser>
        </WebTestRunConfiguration>
      </TestTypeSpecific>
      <AgentRule name="LocalMachineDefaultRole">
        <DataCollectors>
          <DataCollector uri="datacollector://microsoft/CodeCoverage/1.0" assemblyQualifiedName="Microsoft.VisualStudio.TestTools.CodeCoverage.CoveragePlugIn, Microsoft.VisualStudio.QualityTools.Plugins.CodeCoverage, Version=10.0.0.0, Culture=neutral, PublicKeyToken=b03f5f7f11d50a3a" friendlyName="Code Coverage">
            <Configuration>
              <CodeCoverage xmlns="">
                <Regular>
                  <CodeCoverageItem binaryFile="C:\Users\rallen\Documents\Visual Studio 2010\Projects\ThermoFisherScientificCodeSamples\ThermoFisherScientificCodeSamples\bin\Debug\ThermoFisherScientificCodeSamples.dll" pdbFile="C:\Users\rallen\Documents\Visual Studio 2010\Projects\ThermoFisherScientificCodeSamples\ThermoFisherScientificCodeSamples\bin\Debug\ThermoFisherScientificCodeSamples.instr.pdb" instrumentInPlace="true" />
                </Regular>
              </CodeCoverage>
            </Configuration>
          </DataCollector>
        </DataCollectors>
      </AgentRule>
    </Execution>
  </TestSettings>
  <Times creation="2011-04-23T16:30:51.4121070-06:00" queuing="2011-04-23T16:30:54.2182675-06:00" start="2011-04-23T16:30:55.8343599-06:00" finish="2011-04-23T16:31:01.8217024-06:00" />
  <ResultSummary outcome="Completed">
    <Counters total="1" executed="1" passed="1" error="0" failed="0" timeout="0" aborted="0" inconclusive="0" passedButRunAborted="0" notRunnable="0" notExecuted="0" disconnected="0" warning="0" completed="0" inProgress="0" pending="0" />
    <ResultFiles>
      <ResultFile path="RALLEN-PC\data.coverage" />
    </ResultFiles>
  </ResultSummary>
  <TestDefinitions>
    <UnitTest name="TestNumberToBig" storage="c:\users\rallen\documents\visual studio 2010\projects\thermofisherscientificcodesamples\thermofisherscientificcodesampletests\bin\debug\thermofisherscientificcodesampletests.dll" id="7227b655-899a-aa02-ed21-ad5dc3d94ba0">
      <Execution id="30190b60-fd43-4ad3-99d8-7bc8e118e3b7" />
      <TestMethod codeBase="C:/Users/rallen/Documents/Visual Studio 2010/Projects/ThermoFisherScientificCodeSamples/ThermoFisherScientificCodeSampleTests/bin/Debug/ThermoFisherScientificCodeSampleTests.DLL" adapterTypeName="Microsoft.VisualStudio.TestTools.TestTypes.Unit.UnitTestAdapter, Microsoft.VisualStudio.QualityTools.Tips.UnitTest.Adapter, Version=10.0.0.0, Culture=neutral, PublicKeyToken=b03f5f7f11d50a3a" className="ThermoFisherScientificCodeSampleTests.BinaryToolsTest, ThermoFisherScientificCodeSampleTests, Version=1.0.0.0, Culture=neutral, PublicKeyToken=null" name="TestNumberToBig" />
    </UnitTest>
  </TestDefinitions>
  <TestLists>
    <TestList name="Results Not in a List" id="8c84fa94-04c1-424b-9868-57a2d4851a1d" />
    <TestList name="All Loaded Results" id="19431567-8539-422a-85d7-44ee4e166bda" />
  </TestLists>
  <TestEntries>
    <TestEntry testId="7227b655-899a-aa02-ed21-ad5dc3d94ba0" executionId="30190b60-fd43-4ad3-99d8-7bc8e118e3b7" testListId="8c84fa94-04c1-424b-9868-57a2d4851a1d" />
  </TestEntries>
  <Results>
    <UnitTestResult executionId="30190b60-fd43-4ad3-99d8-7bc8e118e3b7" testId="7227b655-899a-aa02-ed21-ad5dc3d94ba0" testName="TestNumberToBig" computerName="RALLEN-PC" duration="00:00:00.0694147" startTime="2011-04-23T16:30:59.4215651-06:00" endTime="2011-04-23T16:31:00.3406177-06:00" testType="13cdc9d9-ddb5-4fa4-a97d-d965ccfc6d4b" outcome="Passed" testListId="8c84fa94-04c1-424b-9868-57a2d4851a1d" relativeResultsDirectory="30190b60-fd43-4ad3-99d8-7bc8e118e3b7">
    </UnitTestResult>
  </Results>
</TestRun>