<?xml version="1.0" encoding="UTF-8"?>
<TestRun id="32487008-744e-43c6-b02f-ee3816073b27" name="rallen@RALLEN-PC 2011-04-23 15:58:07" runUser="rallen-PC\rallen" xmlns="http://microsoft.com/schemas/VisualStudio/TeamTest/2010">
  <TestSettings name="Local" id="85675982-c91d-4b81-92e0-5839181a35e7">
    <Description>These are default test settings for a local test run.</Description>
    <Deployment enabled="false" runDeploymentRoot="rallen_RALLEN-PC 2011-04-23 15_58_07">
      <DeploymentItem filename="C:\Users\rallen\Documents\Visual Studio 2010\Projects\ThermoFisherScientificCodeSamples\ThermoFisherScientificCodeSamples\bin\Debug\ThermoFisherScientificCodeSamples.dll" />
    </Deployment>
    <Execution>
      <TestTypeSpecific />
      <AgentRule name="Execution Agents">
      </AgentRule>
    </Execution>
  </TestSettings>
  <Times creation="2011-04-23T15:58:07.2127612-06:00" queuing="2011-04-23T15:58:08.8608555-06:00" start="2011-04-23T15:58:08.9778622-06:00" finish="2011-04-23T15:58:10.2729362-06:00" />
  <ResultSummary outcome="Failed">
    <Counters total="1" executed="1" error="0" failed="1" timeout="0" aborted="0" inconclusive="0" passedButRunAborted="0" notRunnable="0" notExecuted="0" disconnected="0" warning="0" passed="0" completed="0" inProgress="0" pending="0" />
  </ResultSummary>
  <TestDefinitions>
    <UnitTest name="TestLowerNumbers" storage="c:\users\rallen\documents\visual studio 2010\projects\thermofisherscientificcodesamples\thermofisherscientificcodesampletests\bin\debug\thermofisherscientificcodesampletests.dll" id="d14946ee-eabe-a9d1-bd96-ef65fcb93ed0">
      <Execution id="e7a36e47-c611-4486-9fd1-9fb30b325146" />
      <TestMethod codeBase="C:/Users/rallen/Documents/Visual Studio 2010/Projects/ThermoFisherScientificCodeSamples/ThermoFisherScientificCodeSampleTests/bin/Debug/ThermoFisherScientificCodeSampleTests.DLL" adapterTypeName="Microsoft.VisualStudio.TestTools.TestTypes.Unit.UnitTestAdapter, Microsoft.VisualStudio.QualityTools.Tips.UnitTest.Adapter, Version=10.0.0.0, Culture=neutral, PublicKeyToken=b03f5f7f11d50a3a" className="ThermoFisherScientificCodeSampleTests.FibonacciTest, ThermoFisherScientificCodeSampleTests, Version=1.0.0.0, Culture=neutral, PublicKeyToken=null" name="TestLowerNumbers" />
    </UnitTest>
  </TestDefinitions>
  <TestLists>
    <TestList name="Results Not in a List" id="8c84fa94-04c1-424b-9868-57a2d4851a1d" />
    <TestList name="All Loaded Results" id="19431567-8539-422a-85d7-44ee4e166bda" />
  </TestLists>
  <TestEntries>
    <TestEntry testId="d14946ee-eabe-a9d1-bd96-ef65fcb93ed0" executionId="e7a36e47-c611-4486-9fd1-9fb30b325146" testListId="8c84fa94-04c1-424b-9868-57a2d4851a1d" />
  </TestEntries>
  <Results>
    <UnitTestResult executionId="e7a36e47-c611-4486-9fd1-9fb30b325146" testId="d14946ee-eabe-a9d1-bd96-ef65fcb93ed0" testName="TestLowerNumbers" computerName="RALLEN-PC" duration="00:00:00.0920988" startTime="2011-04-23T15:58:09.0618670-06:00" endTime="2011-04-23T15:58:10.1739306-06:00" testType="13cdc9d9-ddb5-4fa4-a97d-d965ccfc6d4b" outcome="Failed" testListId="8c84fa94-04c1-424b-9868-57a2d4851a1d" relativeResultsDirectory="e7a36e47-c611-4486-9fd1-9fb30b325146">
      <Output>
        <ErrorInfo>
          <Message>Test method ThermoFisherScientificCodeSampleTests.FibonacciTest.TestLowerNumbers threw exception: 
System.OverflowException: Arithmetic operation resulted in an overflow.</Message>
          <StackTrace>    at ThermoFisherScientificCodeSamples.Fibonacci.GetNumbersFromSequence(Int32 max) in C:\Users\rallen\Documents\Visual Studio 2010\Projects\ThermoFisherScientificCodeSamples\ThermoFisherScientificCodeSamples\Fibonacci.cs:line 36
   at ThermoFisherScientificCodeSamples.Fibonacci.GetFibonacci(Int32 max) in C:\Users\rallen\Documents\Visual Studio 2010\Projects\ThermoFisherScientificCodeSamples\ThermoFisherScientificCodeSamples\Fibonacci.cs:line 20
   at ThermoFisherScientificCodeSampleTests.FibonacciTest.TestLowerNumbers() in C:\Users\rallen\Documents\Visual Studio 2010\Projects\ThermoFisherScientificCodeSamples\ThermoFisherScientificCodeSampleTests\FibonacciTest.cs:line 93
</StackTrace>
        </ErrorInfo>
      </Output>
    </UnitTestResult>
  </Results>
</TestRun>