<?xml version="1.0" encoding="UTF-8"?>
<TestRun id="364043e5-8141-47a2-a926-3d8160b24da8" name="rallen@RALLEN-PC 2011-04-23 15:51:28" runUser="rallen-PC\rallen" xmlns="http://microsoft.com/schemas/VisualStudio/TeamTest/2010">
  <TestSettings name="Local" id="85675982-c91d-4b81-92e0-5839181a35e7">
    <Description>These are default test settings for a local test run.</Description>
    <Deployment enabled="false" runDeploymentRoot="rallen_RALLEN-PC 2011-04-23 15_51_28">
      <DeploymentItem filename="C:\Users\rallen\Documents\Visual Studio 2010\Projects\ThermoFisherScientificCodeSamples\ThermoFisherScientificCodeSamples\bin\Debug\ThermoFisherScientificCodeSamples.dll" />
    </Deployment>
    <Execution>
      <TestTypeSpecific />
      <AgentRule name="Execution Agents">
      </AgentRule>
    </Execution>
  </TestSettings>
  <Times creation="2011-04-23T15:51:28.2149398-06:00" queuing="2011-04-23T15:51:29.9810409-06:00" start="2011-04-23T15:51:30.3240605-06:00" finish="2011-04-23T15:51:31.6981391-06:00" />
  <ResultSummary outcome="Completed">
    <Counters total="1" executed="1" passed="1" error="0" failed="0" timeout="0" aborted="0" inconclusive="0" passedButRunAborted="0" notRunnable="0" notExecuted="0" disconnected="0" warning="0" completed="0" inProgress="0" pending="0" />
  </ResultSummary>
  <TestDefinitions>
    <UnitTest name="GetFibonacciTest" storage="c:\users\rallen\documents\visual studio 2010\projects\thermofisherscientificcodesamples\thermofisherscientificcodesampletests\bin\debug\thermofisherscientificcodesampletests.dll" id="bb0a01ad-5185-5e7f-ff14-553f6f16037c">
      <Execution id="a3b5ff4d-2b1d-452d-ad8c-675d1a01aa76" />
      <TestMethod codeBase="C:/Users/rallen/Documents/Visual Studio 2010/Projects/ThermoFisherScientificCodeSamples/ThermoFisherScientificCodeSampleTests/bin/Debug/ThermoFisherScientificCodeSampleTests.DLL" adapterTypeName="Microsoft.VisualStudio.TestTools.TestTypes.Unit.UnitTestAdapter, Microsoft.VisualStudio.QualityTools.Tips.UnitTest.Adapter, Version=10.0.0.0, Culture=neutral, PublicKeyToken=b03f5f7f11d50a3a" className="ThermoFisherScientificCodeSampleTests.FibonacciTest, ThermoFisherScientificCodeSampleTests, Version=1.0.0.0, Culture=neutral, PublicKeyToken=null" name="GetFibonacciTest" />
    </UnitTest>
  </TestDefinitions>
  <TestLists>
    <TestList name="Results Not in a List" id="8c84fa94-04c1-424b-9868-57a2d4851a1d" />
    <TestList name="All Loaded Results" id="19431567-8539-422a-85d7-44ee4e166bda" />
  </TestLists>
  <TestEntries>
    <TestEntry testId="bb0a01ad-5185-5e7f-ff14-553f6f16037c" executionId="a3b5ff4d-2b1d-452d-ad8c-675d1a01aa76" testListId="8c84fa94-04c1-424b-9868-57a2d4851a1d" />
  </TestEntries>
  <Results>
    <UnitTestResult executionId="a3b5ff4d-2b1d-452d-ad8c-675d1a01aa76" testId="bb0a01ad-5185-5e7f-ff14-553f6f16037c" testName="GetFibonacciTest" computerName="RALLEN-PC" duration="00:00:00.0340069" startTime="2011-04-23T15:51:30.6200774-06:00" endTime="2011-04-23T15:51:31.4921273-06:00" testType="13cdc9d9-ddb5-4fa4-a97d-d965ccfc6d4b" outcome="Passed" testListId="8c84fa94-04c1-424b-9868-57a2d4851a1d" relativeResultsDirectory="a3b5ff4d-2b1d-452d-ad8c-675d1a01aa76">
    </UnitTestResult>
  </Results>
</TestRun>