<?xml version="1.0" encoding="UTF-8"?>
<TestRun id="1fac3bea-e9b0-4289-ac2f-ae9ba6d679e7" name="rallen@RALLEN-PC 2011-04-23 16:15:14" runUser="rallen-PC\rallen" xmlns="http://microsoft.com/schemas/VisualStudio/TeamTest/2010">
  <TestSettings name="Local" id="85675982-c91d-4b81-92e0-5839181a35e7">
    <Description>These are default test settings for a local test run.</Description>
    <Deployment runDeploymentRoot="rallen_RALLEN-PC 2011-04-23 16_15_14">
      <DeploymentItem filename="C:\Users\rallen\Documents\Visual Studio 2010\Projects\ThermoFisherScientificCodeSamples\ThermoFisherScientificCodeSamples\bin\Debug\ThermoFisherScientificCodeSamples.dll" />
    </Deployment>
    <Execution>
      <TestTypeSpecific />
      <AgentRule name="Execution Agents">
      </AgentRule>
    </Execution>
  </TestSettings>
  <Times creation="2011-04-23T16:15:14.9025417-06:00" queuing="2011-04-23T16:15:17.0186627-06:00" start="2011-04-23T16:15:18.0017190-06:00" finish="2011-04-23T16:15:45.7303050-06:00" />
  <ResultSummary outcome="Completed">
    <Counters total="23" executed="23" passed="22" error="0" failed="0" timeout="0" aborted="0" inconclusive="0" passedButRunAborted="0" notRunnable="0" notExecuted="0" disconnected="0" warning="0" completed="1" inProgress="0" pending="0" />
  </ResultSummary>
  <TestDefinitions>
    <UnitTest name="RemoveSpaces_StringBuilder_foreach_Should_Remove_All_Spaces" storage="c:\users\rallen\documents\visual studio 2010\projects\thermofisherscientificcodesamples\thermofisherscientificcodesampletests\bin\debug\thermofisherscientificcodesampletests.dll" id="4f1a8139-2ecd-30c5-5e9f-22e91cd5f3b1">
      <Execution id="e482344a-2b12-4605-8e34-6131e08705e4" />
      <TestMethod codeBase="C:/Users/rallen/Documents/Visual Studio 2010/Projects/ThermoFisherScientificCodeSamples/ThermoFisherScientificCodeSampleTests/bin/Debug/ThermoFisherScientificCodeSampleTests.DLL" adapterTypeName="Microsoft.VisualStudio.TestTools.TestTypes.Unit.UnitTestAdapter, Microsoft.VisualStudio.QualityTools.Tips.UnitTest.Adapter, Version=10.0.0.0, Culture=neutral, PublicKeyToken=b03f5f7f11d50a3a" className="ThermoFisherScientificCodeSampleTests.RemoveSpacesTest, ThermoFisherScientificCodeSampleTests, Version=1.0.0.0, Culture=neutral, PublicKeyToken=null" name="RemoveSpaces_StringBuilder_foreach_Should_Remove_All_Spaces" />
    </UnitTest>
    <UnitTest name="TestLowerNumbers" storage="c:\users\rallen\documents\visual studio 2010\projects\thermofisherscientificcodesamples\thermofisherscientificcodesampletests\bin\debug\thermofisherscientificcodesampletests.dll" id="d14946ee-eabe-a9d1-bd96-ef65fcb93ed0">
      <Execution id="c9e274d3-b19e-4112-8df7-61397bff830e" />
      <TestMethod codeBase="C:/Users/rallen/Documents/Visual Studio 2010/Projects/ThermoFisherScientificCodeSamples/ThermoFisherScientificCodeSampleTests/bin/Debug/ThermoFisherScientificCodeSampleTests.DLL" adapterTypeName="Microsoft.VisualStudio.TestTools.TestTypes.Unit.UnitTestAdapter, Microsoft.VisualStudio.QualityTools.Tips.UnitTest.Adapter, Version=10.0.0.0, Culture=neutral, PublicKeyToken=b03f5f7f11d50a3a" className="ThermoFisherScientificCodeSampleTests.FibonacciTest, ThermoFisherScientificCodeSampleTests, Version=1.0.0.0, Culture=neutral, PublicKeyToken=null" name="TestLowerNumbers" />
    </UnitTest>
    <UnitTest name="Test_All_Methods_Against_String_with_no_spaces" storage="c:\users\rallen\documents\visual studio 2010\projects\thermofisherscientificcodesamples\thermofisherscientificcodesampletests\bin\debug\thermofisherscientificcodesampletests.dll" id="901b2ee2-8712-eeb3-d9a4-5a1cbdf0715e">
      <Execution id="2eb07eda-3864-438b-ae09-99fb8794307a" />
      <TestMethod codeBase="C:/Users/rallen/Documents/Visual Studio 2010/Projects/ThermoFisherScientificCodeSamples/ThermoFisherScientificCodeSampleTests/bin/Debug/ThermoFisherScientificCodeSampleTests.DLL" adapterTypeName="Microsoft.VisualStudio.TestTools.TestTypes.Unit.UnitTestAdapter, Microsoft.VisualStudio.QualityTools.Tips.UnitTest.Adapter, Version=10.0.0.0, Culture=neutral, PublicKeyToken=b03f5f7f11d50a3a" className="ThermoFisherScientificCodeSampleTests.RemoveSpacesTest, ThermoFisherScientificCodeSampleTests, Version=1.0.0.0, Culture=neutral, PublicKeyToken=null" name="Test_All_Methods_Against_String_with_no_spaces" />
    </UnitTest>
    <UnitTest name="GetFibonacciTest" storage="c:\users\rallen\documents\visual studio 2010\projects\thermofisherscientificcodesamples\thermofisherscientificcodesampletests\bin\debug\thermofisherscientificcodesampletests.dll" id="bb0a01ad-5185-5e7f-ff14-553f6f16037c">
      <Execution id="201a23d8-01d2-428b-8280-b110d4949900" />
      <TestMethod codeBase="C:/Users/rallen/Documents/Visual Studio 2010/Projects/ThermoFisherScientificCodeSamples/ThermoFisherScientificCodeSampleTests/bin/Debug/ThermoFisherScientificCodeSampleTests.DLL" adapterTypeName="Microsoft.VisualStudio.TestTools.TestTypes.Unit.UnitTestAdapter, Microsoft.VisualStudio.QualityTools.Tips.UnitTest.Adapter, Version=10.0.0.0, Culture=neutral, PublicKeyToken=b03f5f7f11d50a3a" className="ThermoFisherScientificCodeSampleTests.FibonacciTest, ThermoFisherScientificCodeSampleTests, Version=1.0.0.0, Culture=neutral, PublicKeyToken=null" name="GetFibonacciTest" />
    </UnitTest>
    <UnitTest name="DecimalToBinary_FasterTest" storage="c:\users\rallen\documents\visual studio 2010\projects\thermofisherscientificcodesamples\thermofisherscientificcodesampletests\bin\debug\thermofisherscientificcodesampletests.dll" id="5f185f43-c96a-57b8-a8fb-a3bd70fd2e86">
      <Execution id="c7a07092-68a2-4339-9572-a109fa60ddab" />
      <TestMethod codeBase="C:/Users/rallen/Documents/Visual Studio 2010/Projects/ThermoFisherScientificCodeSamples/ThermoFisherScientificCodeSampleTests/bin/Debug/ThermoFisherScientificCodeSampleTests.DLL" adapterTypeName="Microsoft.VisualStudio.TestTools.TestTypes.Unit.UnitTestAdapter, Microsoft.VisualStudio.QualityTools.Tips.UnitTest.Adapter, Version=10.0.0.0, Culture=neutral, PublicKeyToken=b03f5f7f11d50a3a" className="ThermoFisherScientificCodeSampleTests.BinaryToolsTest, ThermoFisherScientificCodeSampleTests, Version=1.0.0.0, Culture=neutral, PublicKeyToken=null" name="DecimalToBinary_FasterTest" />
    </UnitTest>
    <UnitTest name="RemoveSpaces_LINQ_Should_Remove_All_Spaces" storage="c:\users\rallen\documents\visual studio 2010\projects\thermofisherscientificcodesamples\thermofisherscientificcodesampletests\bin\debug\thermofisherscientificcodesampletests.dll" id="cfde39b1-b5fd-29fe-7f0c-4405cafae970">
      <Execution id="694ec25e-85e1-4c45-866b-1b885e27d089" />
      <TestMethod codeBase="C:/Users/rallen/Documents/Visual Studio 2010/Projects/ThermoFisherScientificCodeSamples/ThermoFisherScientificCodeSampleTests/bin/Debug/ThermoFisherScientificCodeSampleTests.DLL" adapterTypeName="Microsoft.VisualStudio.TestTools.TestTypes.Unit.UnitTestAdapter, Microsoft.VisualStudio.QualityTools.Tips.UnitTest.Adapter, Version=10.0.0.0, Culture=neutral, PublicKeyToken=b03f5f7f11d50a3a" className="ThermoFisherScientificCodeSampleTests.RemoveSpacesTest, ThermoFisherScientificCodeSampleTests, Version=1.0.0.0, Culture=neutral, PublicKeyToken=null" name="RemoveSpaces_LINQ_Should_Remove_All_Spaces" />
    </UnitTest>
    <UnitTest name="BadInput" storage="c:\users\rallen\documents\visual studio 2010\projects\thermofisherscientificcodesamples\thermofisherscientificcodesampletests\bin\debug\thermofisherscientificcodesampletests.dll" id="995c84b0-0b08-d65b-e13b-37f729e56182">
      <Execution id="5f9597d3-2855-47dc-b57d-ae0dba1bccb9" />
      <TestMethod codeBase="C:/Users/rallen/Documents/Visual Studio 2010/Projects/ThermoFisherScientificCodeSamples/ThermoFisherScientificCodeSampleTests/bin/Debug/ThermoFisherScientificCodeSampleTests.DLL" adapterTypeName="Microsoft.VisualStudio.TestTools.TestTypes.Unit.UnitTestAdapter, Microsoft.VisualStudio.QualityTools.Tips.UnitTest.Adapter, Version=10.0.0.0, Culture=neutral, PublicKeyToken=b03f5f7f11d50a3a" className="ThermoFisherScientificCodeSampleTests.FibonacciTest, ThermoFisherScientificCodeSampleTests, Version=1.0.0.0, Culture=neutral, PublicKeyToken=null" name="BadInput" />
    </UnitTest>
    <UnitTest name="TestIntMaxValueCustom" storage="c:\users\rallen\documents\visual studio 2010\projects\thermofisherscientificcodesamples\thermofisherscientificcodesampletests\bin\debug\thermofisherscientificcodesampletests.dll" id="4521557e-6bb1-c2e1-7235-18ad762b2712">
      <Execution id="5799bf56-0f30-42ca-bc2a-660ef75a4d0d" />
      <TestMethod codeBase="C:/Users/rallen/Documents/Visual Studio 2010/Projects/ThermoFisherScientificCodeSamples/ThermoFisherScientificCodeSampleTests/bin/Debug/ThermoFisherScientificCodeSampleTests.DLL" adapterTypeName="Microsoft.VisualStudio.TestTools.TestTypes.Unit.UnitTestAdapter, Microsoft.VisualStudio.QualityTools.Tips.UnitTest.Adapter, Version=10.0.0.0, Culture=neutral, PublicKeyToken=b03f5f7f11d50a3a" className="ThermoFisherScientificCodeSampleTests.BinaryToolsTest, ThermoFisherScientificCodeSampleTests, Version=1.0.0.0, Culture=neutral, PublicKeyToken=null" name="TestIntMaxValueCustom" />
    </UnitTest>
    <UnitTest name="FrameworkMethod_Should_Be_Same_As_Custom" storage="c:\users\rallen\documents\visual studio 2010\projects\thermofisherscientificcodesamples\thermofisherscientificcodesampletests\bin\debug\thermofisherscientificcodesampletests.dll" id="f336e2c2-1889-4000-7f0e-a4e55c5810d0">
      <Execution id="22bb4c50-b415-4b0f-b9e4-a77ec04cfd82" />
      <TestMethod codeBase="C:/Users/rallen/Documents/Visual Studio 2010/Projects/ThermoFisherScientificCodeSamples/ThermoFisherScientificCodeSampleTests/bin/Debug/ThermoFisherScientificCodeSampleTests.DLL" adapterTypeName="Microsoft.VisualStudio.TestTools.TestTypes.Unit.UnitTestAdapter, Microsoft.VisualStudio.QualityTools.Tips.UnitTest.Adapter, Version=10.0.0.0, Culture=neutral, PublicKeyToken=b03f5f7f11d50a3a" className="ThermoFisherScientificCodeSampleTests.BinaryToolsTest, ThermoFisherScientificCodeSampleTests, Version=1.0.0.0, Culture=neutral, PublicKeyToken=null" name="FrameworkMethod_Should_Be_Same_As_Custom" />
    </UnitTest>
    <UnitTest name="DecimalToAnyBaseExpandedTest" storage="c:\users\rallen\documents\visual studio 2010\projects\thermofisherscientificcodesamples\thermofisherscientificcodesampletests\bin\debug\thermofisherscientificcodesampletests.dll" id="ea2a1d6e-c10e-2769-6e75-02c6ed756307">
      <Execution id="7dc68890-3927-432f-97a9-6f7bf903944e" />
      <TestMethod codeBase="C:/Users/rallen/Documents/Visual Studio 2010/Projects/ThermoFisherScientificCodeSamples/ThermoFisherScientificCodeSampleTests/bin/Debug/ThermoFisherScientificCodeSampleTests.DLL" adapterTypeName="Microsoft.VisualStudio.TestTools.TestTypes.Unit.UnitTestAdapter, Microsoft.VisualStudio.QualityTools.Tips.UnitTest.Adapter, Version=10.0.0.0, Culture=neutral, PublicKeyToken=b03f5f7f11d50a3a" className="ThermoFisherScientificCodeSampleTests.BinaryToolsTest, ThermoFisherScientificCodeSampleTests, Version=1.0.0.0, Culture=neutral, PublicKeyToken=null" name="DecimalToAnyBaseExpandedTest" />
    </UnitTest>
    <UnitTest name="RemoveSpaces_CustomReplace_Should_Remove_All_Spaces" storage="c:\users\rallen\documents\visual studio 2010\projects\thermofisherscientificcodesamples\thermofisherscientificcodesampletests\bin\debug\thermofisherscientificcodesampletests.dll" id="6d589604-2491-e2da-6afc-109adb6edcb3">
      <Execution id="eb9eb34a-ad71-47fa-a7e0-3edf145b8e6b" />
      <TestMethod codeBase="C:/Users/rallen/Documents/Visual Studio 2010/Projects/ThermoFisherScientificCodeSamples/ThermoFisherScientificCodeSampleTests/bin/Debug/ThermoFisherScientificCodeSampleTests.DLL" adapterTypeName="Microsoft.VisualStudio.TestTools.TestTypes.Unit.UnitTestAdapter, Microsoft.VisualStudio.QualityTools.Tips.UnitTest.Adapter, Version=10.0.0.0, Culture=neutral, PublicKeyToken=b03f5f7f11d50a3a" className="ThermoFisherScientificCodeSampleTests.RemoveSpacesTest, ThermoFisherScientificCodeSampleTests, Version=1.0.0.0, Culture=neutral, PublicKeyToken=null" name="RemoveSpaces_CustomReplace_Should_Remove_All_Spaces" />
    </UnitTest>
    <UnitTest name="DecimalToBinaryTest" storage="c:\users\rallen\documents\visual studio 2010\projects\thermofisherscientificcodesamples\thermofisherscientificcodesampletests\bin\debug\thermofisherscientificcodesampletests.dll" id="24b5f6a3-cd2e-6557-c743-ca9fb55b8168">
      <Execution id="5b7c6f46-b034-4607-8371-7a4c0c410716" />
      <TestMethod codeBase="C:/Users/rallen/Documents/Visual Studio 2010/Projects/ThermoFisherScientificCodeSamples/ThermoFisherScientificCodeSampleTests/bin/Debug/ThermoFisherScientificCodeSampleTests.DLL" adapterTypeName="Microsoft.VisualStudio.TestTools.TestTypes.Unit.UnitTestAdapter, Microsoft.VisualStudio.QualityTools.Tips.UnitTest.Adapter, Version=10.0.0.0, Culture=neutral, PublicKeyToken=b03f5f7f11d50a3a" className="ThermoFisherScientificCodeSampleTests.BinaryToolsTest, ThermoFisherScientificCodeSampleTests, Version=1.0.0.0, Culture=neutral, PublicKeyToken=null" name="DecimalToBinaryTest" />
    </UnitTest>
    <UnitTest name="DecimalToAnyBaseCustomTests" storage="c:\users\rallen\documents\visual studio 2010\projects\thermofisherscientificcodesamples\thermofisherscientificcodesampletests\bin\debug\thermofisherscientificcodesampletests.dll" id="c1b0866d-7d9f-eea5-de47-f04bc6f8c38e">
      <Execution id="3ca89a62-bb35-4da8-8355-21ef893441d4" />
      <TestMethod codeBase="C:/Users/rallen/Documents/Visual Studio 2010/Projects/ThermoFisherScientificCodeSamples/ThermoFisherScientificCodeSampleTests/bin/Debug/ThermoFisherScientificCodeSampleTests.DLL" adapterTypeName="Microsoft.VisualStudio.TestTools.TestTypes.Unit.UnitTestAdapter, Microsoft.VisualStudio.QualityTools.Tips.UnitTest.Adapter, Version=10.0.0.0, Culture=neutral, PublicKeyToken=b03f5f7f11d50a3a" className="ThermoFisherScientificCodeSampleTests.BinaryToolsTest, ThermoFisherScientificCodeSampleTests, Version=1.0.0.0, Culture=neutral, PublicKeyToken=null" name="DecimalToAnyBaseCustomTests" />
    </UnitTest>
    <UnitTest name="RemoveSpaces_StringBuilder_Should_Remove_All_Spaces" storage="c:\users\rallen\documents\visual studio 2010\projects\thermofisherscientificcodesamples\thermofisherscientificcodesampletests\bin\debug\thermofisherscientificcodesampletests.dll" id="5314bee0-b236-78d9-5d3e-06200d35405c">
      <Execution id="4ddf2330-fb14-4ab1-b9c4-6922b65bce24" />
      <TestMethod codeBase="C:/Users/rallen/Documents/Visual Studio 2010/Projects/ThermoFisherScientificCodeSamples/ThermoFisherScientificCodeSampleTests/bin/Debug/ThermoFisherScientificCodeSampleTests.DLL" adapterTypeName="Microsoft.VisualStudio.TestTools.TestTypes.Unit.UnitTestAdapter, Microsoft.VisualStudio.QualityTools.Tips.UnitTest.Adapter, Version=10.0.0.0, Culture=neutral, PublicKeyToken=b03f5f7f11d50a3a" className="ThermoFisherScientificCodeSampleTests.RemoveSpacesTest, ThermoFisherScientificCodeSampleTests, Version=1.0.0.0, Culture=neutral, PublicKeyToken=null" name="RemoveSpaces_StringBuilder_Should_Remove_All_Spaces" />
    </UnitTest>
    <LoadTest Name="RemoveSpacesPerformanceTest" Description="" Owner="" storage="c:\users\rallen\documents\visual studio 2010\projects\thermofisherscientificcodesamples\thermofisherscientificcodesampletests\removespacesperformancetest.loadtest" Priority="2147483647" Enabled="true" CssProjectStructure="" CssIteration="" DeploymentItemsEditable="" WorkItemIds="" TraceLevel="None" CurrentRunConfig="Run Settings1" Id="67e4a884-b7d8-4d7d-beff-42c665e4c614">
      <Scenarios>
        <Scenario Name="Scenario1" DelayBetweenIterations="0" PercentNewUsers="0" IPSwitching="true" TestMixType="PercentageOfTestsStarted" ApplyDistributionToPacingDelay="true" MaxTestIterations="0" DisableDuringWarmup="false" DelayStartTime="0" AllowedAgents="">
          <ThinkProfile Value="0.2" Pattern="NormalDistribution" />
          <LoadProfile Pattern="Constant" InitialUsers="10" />
          <TestMix>
            <TestProfile Name="RemoveSpaces_CustomReplace_Should_Remove_All_Spaces" Path="c:\users\rallen\documents\visual studio 2010\projects\thermofisherscientificcodesamples\thermofisherscientificcodesampletests\bin\debug\thermofisherscientificcodesampletests.dll" Id="6d589604-2491-e2da-6afc-109adb6edcb3" Percentage="20" Type="Microsoft.VisualStudio.TestTools.TestTypes.Unit.UnitTestElement, Microsoft.VisualStudio.QualityTools.Tips.UnitTest.ObjectModel, Version=10.0.0.0, Culture=neutral, PublicKeyToken=b03f5f7f11d50a3a" />
            <TestProfile Name="RemoveSpaces_LINQ_Should_Remove_All_Spaces" Path="c:\users\rallen\documents\visual studio 2010\projects\thermofisherscientificcodesamples\thermofisherscientificcodesampletests\bin\debug\thermofisherscientificcodesampletests.dll" Id="cfde39b1-b5fd-29fe-7f0c-4405cafae970" Percentage="20" Type="Microsoft.VisualStudio.TestTools.TestTypes.Unit.UnitTestElement, Microsoft.VisualStudio.QualityTools.Tips.UnitTest.ObjectModel, Version=10.0.0.0, Culture=neutral, PublicKeyToken=b03f5f7f11d50a3a" />
            <TestProfile Name="RemoveSpaces_Should_Remove_All_Spaces" Path="c:\users\rallen\documents\visual studio 2010\projects\thermofisherscientificcodesamples\thermofisherscientificcodesampletests\bin\debug\thermofisherscientificcodesampletests.dll" Id="afd117f6-2b60-cf52-0e39-d6e0cf09fe06" Percentage="20" Type="Microsoft.VisualStudio.TestTools.TestTypes.Unit.UnitTestElement, Microsoft.VisualStudio.QualityTools.Tips.UnitTest.ObjectModel, Version=10.0.0.0, Culture=neutral, PublicKeyToken=b03f5f7f11d50a3a" />
            <TestProfile Name="RemoveSpaces_StringBuilder_foreach_Should_Remove_All_Spaces" Path="c:\users\rallen\documents\visual studio 2010\projects\thermofisherscientificcodesamples\thermofisherscientificcodesampletests\bin\debug\thermofisherscientificcodesampletests.dll" Id="4f1a8139-2ecd-30c5-5e9f-22e91cd5f3b1" Percentage="20" Type="Microsoft.VisualStudio.TestTools.TestTypes.Unit.UnitTestElement, Microsoft.VisualStudio.QualityTools.Tips.UnitTest.ObjectModel, Version=10.0.0.0, Culture=neutral, PublicKeyToken=b03f5f7f11d50a3a" />
            <TestProfile Name="RemoveSpaces_StringBuilder_Should_Remove_All_Spaces" Path="c:\users\rallen\documents\visual studio 2010\projects\thermofisherscientificcodesamples\thermofisherscientificcodesampletests\bin\debug\thermofisherscientificcodesampletests.dll" Id="5314bee0-b236-78d9-5d3e-06200d35405c" Percentage="20" Type="Microsoft.VisualStudio.TestTools.TestTypes.Unit.UnitTestElement, Microsoft.VisualStudio.QualityTools.Tips.UnitTest.ObjectModel, Version=10.0.0.0, Culture=neutral, PublicKeyToken=b03f5f7f11d50a3a" />
          </TestMix>
          <NetworkMix>
            <NetworkProfile Percentage="100">
              <Network Name="LAN" BandwidthInKbps="1000000" NetworkProfileConfigurationXml="&lt;Emulation&gt;&lt;VirtualChannel name=&quot;defaultChannel&quot;&gt;&lt;FilterList/&gt;&lt;VirtualLink instances=&quot;1&quot; name=&quot;defaultLink&quot;&gt;&lt;LinkRule dir=&quot;upstream&quot;&gt;&lt;Bandwidth&gt;&lt;Speed unit=&quot;kbps&quot;&gt;1000000&lt;/Speed&gt;&lt;/Bandwidth&gt;&lt;/LinkRule&gt;&lt;LinkRule dir=&quot;downstream&quot;&gt;&lt;Bandwidth&gt;&lt;Speed unit=&quot;kbps&quot;&gt;1000000&lt;/Speed&gt;&lt;/Bandwidth&gt;&lt;/LinkRule&gt;&lt;/VirtualLink&gt;&lt;/VirtualChannel&gt;&lt;/Emulation&gt;" />
            </NetworkProfile>
          </NetworkMix>
        </Scenario>
      </Scenarios>
      <CounterSets>
        <CounterSet Name="RALLEN-PC" CounterSetType="LoadTest" LocId="">
          <CounterCategories>
            <CounterCategory Name="LoadTest:Scenario">
              <Counters>
                <Counter Name="User Load" HigherIsBetter="true" />
                <Counter Name="Tests Running" HigherIsBetter="true" />
              </Counters>
            </CounterCategory>
            <CounterCategory Name="LoadTest:Test">
              <Counters>
                <Counter Name="Total Tests" HigherIsBetter="true" />
                <Counter Name="Passed Tests" HigherIsBetter="true" />
                <Counter Name="Failed Tests" />
                <Counter Name="Tests/Sec" HigherIsBetter="true" />
                <Counter Name="Passed Tests/Sec" HigherIsBetter="true" />
                <Counter Name="Failed Tests/Sec" />
                <Counter Name="Avg. Requests/Test" HigherIsBetter="true" />
                <Counter Name="Avg. Test Time" />
                <Counter Name="% Time in LoadTestPlugin" />
                <Counter Name="% Time in WebTest code" />
                <Counter Name="% Time in Rules" />
              </Counters>
            </CounterCategory>
            <CounterCategory Name="LoadTest:Transaction">
              <Counters>
                <Counter Name="Total Transactions" HigherIsBetter="true" />
                <Counter Name="Avg. Transaction Time" />
                <Counter Name="Avg. Response Time" />
                <Counter Name="Transactions/Sec" HigherIsBetter="true" />
              </Counters>
            </CounterCategory>
            <CounterCategory Name="LoadTest:Errors">
              <Counters>
                <Counter Name="Http Errors" />
                <Counter Name="Validation Rule Errors" />
                <Counter Name="Extraction Rule Errors" />
                <Counter Name="Requests Timed Out" />
                <Counter Name="Exceptions" />
                <Counter Name="Total Errors" />
                <Counter Name="Errors/Sec" />
                <Counter Name="Threshold Violations/Sec" />
              </Counters>
            </CounterCategory>
            <CounterCategory Name="LoadTest:Page">
              <Counters>
                <Counter Name="Total Pages" HigherIsBetter="true" />
                <Counter Name="Avg. Page Time" />
                <Counter Name="Page Response Time Goal" HigherIsBetter="true" />
                <Counter Name="% Pages Meeting Goal" HigherIsBetter="true" />
                <Counter Name="Pages/Sec" HigherIsBetter="true" />
              </Counters>
            </CounterCategory>
            <CounterCategory Name="LoadTest:Request">
              <Counters>
                <Counter Name="Total Requests" HigherIsBetter="true" />
                <Counter Name="Passed Requests" HigherIsBetter="true" />
                <Counter Name="Failed Requests" />
                <Counter Name="Cached Requests" HigherIsBetter="true" />
                <Counter Name="Requests/Sec" HigherIsBetter="true" />
                <Counter Name="Passed Requests/Sec" HigherIsBetter="true" />
                <Counter Name="Failed Requests/Sec" />
                <Counter Name="Avg. First Byte Time" />
                <Counter Name="Avg. Response Time" />
                <Counter Name="Avg. Connection Wait Time">
                  <ThresholdRules>
                    <ThresholdRule Classname="Microsoft.VisualStudio.TestTools.WebStress.Rules.ThresholdRuleCompareCounters, Microsoft.VisualStudio.QualityTools.LoadTest, Version=10.0.0.0, Culture=neutral, PublicKeyToken=b03f5f7f11d50a3a">
                      <RuleParameters>
                        <RuleParameter Name="DependentCategory" Value="LoadTest:Page" />
                        <RuleParameter Name="DependentCounter" Value="Avg. Page Time" />
                        <RuleParameter Name="DependentInstance" Value="_Total" />
                        <RuleParameter Name="AlertIfOver" Value="True" />
                        <RuleParameter Name="WarningThreshold" Value="0.25" />
                        <RuleParameter Name="CriticalThreshold" Value="0.5" />
                      </RuleParameters>
                    </ThresholdRule>
                  </ThresholdRules>
                </Counter>
                <Counter Name="Avg. Content Length" />
              </Counters>
            </CounterCategory>
            <CounterCategory Name="LoadTest:LogEntries">
              <Counters>
                <Counter Name="Total Log Entries" />
                <Counter Name="Log Entries/Sec" />
              </Counters>
            </CounterCategory>
          </CounterCategories>
        </CounterSet>
        <CounterSet Name="Controller" CounterSetType="Controller" LocId="CounterSet_Controller">
          <CounterCategories>
            <CounterCategory Name="Memory">
              <Counters>
                <Counter Name="% Committed Bytes In Use" Range="100" />
                <Counter Name="Available MBytes" RangeGroup="Memory Bytes" HigherIsBetter="true">
                  <ThresholdRules>
                    <ThresholdRule Classname="Microsoft.VisualStudio.TestTools.WebStress.Rules.ThresholdRuleCompareConstant, Microsoft.VisualStudio.QualityTools.LoadTest">
                      <RuleParameters>
                        <RuleParameter Name="AlertIfOver" Value="False" />
                        <RuleParameter Name="WarningThreshold" Value="100" />
                        <RuleParameter Name="CriticalThreshold" Value="50" />
                      </RuleParameters>
                    </ThresholdRule>
                    <ThresholdRule Classname="Microsoft.VisualStudio.TestTools.WebStress.Rules.ThresholdRuleCompareConstant, Microsoft.VisualStudio.QualityTools.LoadTest">
                      <RuleParameters>
                        <RuleParameter Name="AlertIfOver" Value="False" />
                        <RuleParameter Name="WarningThreshold" Value="100" />
                        <RuleParameter Name="CriticalThreshold" Value="50" />
                      </RuleParameters>
                    </ThresholdRule>
                    <ThresholdRule Classname="Microsoft.VisualStudio.TestTools.WebStress.Rules.ThresholdRuleCompareConstant, Microsoft.VisualStudio.QualityTools.LoadTest">
                      <RuleParameters>
                        <RuleParameter Name="AlertIfOver" Value="False" />
                        <RuleParameter Name="WarningThreshold" Value="100" />
                        <RuleParameter Name="CriticalThreshold" Value="50" />
                      </RuleParameters>
                    </ThresholdRule>
                    <ThresholdRule Classname="Microsoft.VisualStudio.TestTools.WebStress.Rules.ThresholdRuleCompareConstant, Microsoft.VisualStudio.QualityTools.LoadTest">
                      <RuleParameters>
                        <RuleParameter Name="AlertIfOver" Value="False" />
                        <RuleParameter Name="WarningThreshold" Value="100" />
                        <RuleParameter Name="CriticalThreshold" Value="50" />
                      </RuleParameters>
                    </ThresholdRule>
                    <ThresholdRule Classname="Microsoft.VisualStudio.TestTools.WebStress.Rules.ThresholdRuleCompareConstant, Microsoft.VisualStudio.QualityTools.LoadTest">
                      <RuleParameters>
                        <RuleParameter Name="AlertIfOver" Value="False" />
                        <RuleParameter Name="WarningThreshold" Value="100" />
                        <RuleParameter Name="CriticalThreshold" Value="50" />
                      </RuleParameters>
                    </ThresholdRule>
                    <ThresholdRule Classname="Microsoft.VisualStudio.TestTools.WebStress.Rules.ThresholdRuleCompareConstant, Microsoft.VisualStudio.QualityTools.LoadTest">
                      <RuleParameters>
                        <RuleParameter Name="AlertIfOver" Value="False" />
                        <RuleParameter Name="WarningThreshold" Value="100" />
                        <RuleParameter Name="CriticalThreshold" Value="50" />
                      </RuleParameters>
                    </ThresholdRule>
                    <ThresholdRule Classname="Microsoft.VisualStudio.TestTools.WebStress.Rules.ThresholdRuleCompareConstant, Microsoft.VisualStudio.QualityTools.LoadTest">
                      <RuleParameters>
                        <RuleParameter Name="AlertIfOver" Value="False" />
                        <RuleParameter Name="WarningThreshold" Value="100" />
                        <RuleParameter Name="CriticalThreshold" Value="50" />
                      </RuleParameters>
                    </ThresholdRule>
                    <ThresholdRule Classname="Microsoft.VisualStudio.TestTools.WebStress.Rules.ThresholdRuleCompareConstant, Microsoft.VisualStudio.QualityTools.LoadTest">
                      <RuleParameters>
                        <RuleParameter Name="AlertIfOver" Value="False" />
                        <RuleParameter Name="WarningThreshold" Value="100" />
                        <RuleParameter Name="CriticalThreshold" Value="50" />
                      </RuleParameters>
                    </ThresholdRule>
                  </ThresholdRules>
                </Counter>
                <Counter Name="Page Faults/sec" />
                <Counter Name="Pages/sec" />
                <Counter Name="Pool Paged Bytes" RangeGroup="Memory Bytes" />
                <Counter Name="Pool Nonpaged bytes" RangeGroup="Memory Bytes" />
              </Counters>
            </CounterCategory>
            <CounterCategory Name="Network Interface">
              <Counters>
                <Counter Name="Bytes Received/sec" RangeGroup="Network Bytes" />
                <Counter Name="Bytes Sent/sec" RangeGroup="Network Bytes" />
                <Counter Name="Output Queue Length">
                  <ThresholdRules>
                    <ThresholdRule Classname="Microsoft.VisualStudio.TestTools.WebStress.Rules.ThresholdRuleCompareConstant, Microsoft.VisualStudio.QualityTools.LoadTest">
                      <RuleParameters>
                        <RuleParameter Name="AlertIfOver" Value="True" />
                        <RuleParameter Name="WarningThreshold" Value="1.5" />
                        <RuleParameter Name="CriticalThreshold" Value="2" />
                      </RuleParameters>
                    </ThresholdRule>
                    <ThresholdRule Classname="Microsoft.VisualStudio.TestTools.WebStress.Rules.ThresholdRuleCompareConstant, Microsoft.VisualStudio.QualityTools.LoadTest">
                      <RuleParameters>
                        <RuleParameter Name="AlertIfOver" Value="True" />
                        <RuleParameter Name="WarningThreshold" Value="1.5" />
                        <RuleParameter Name="CriticalThreshold" Value="2" />
                      </RuleParameters>
                    </ThresholdRule>
                    <ThresholdRule Classname="Microsoft.VisualStudio.TestTools.WebStress.Rules.ThresholdRuleCompareConstant, Microsoft.VisualStudio.QualityTools.LoadTest">
                      <RuleParameters>
                        <RuleParameter Name="AlertIfOver" Value="True" />
                        <RuleParameter Name="WarningThreshold" Value="1.5" />
                        <RuleParameter Name="CriticalThreshold" Value="2" />
                      </RuleParameters>
                    </ThresholdRule>
                    <ThresholdRule Classname="Microsoft.VisualStudio.TestTools.WebStress.Rules.ThresholdRuleCompareConstant, Microsoft.VisualStudio.QualityTools.LoadTest">
                      <RuleParameters>
                        <RuleParameter Name="AlertIfOver" Value="True" />
                        <RuleParameter Name="WarningThreshold" Value="1.5" />
                        <RuleParameter Name="CriticalThreshold" Value="2" />
                      </RuleParameters>
                    </ThresholdRule>
                    <ThresholdRule Classname="Microsoft.VisualStudio.TestTools.WebStress.Rules.ThresholdRuleCompareConstant, Microsoft.VisualStudio.QualityTools.LoadTest">
                      <RuleParameters>
                        <RuleParameter Name="AlertIfOver" Value="True" />
                        <RuleParameter Name="WarningThreshold" Value="1.5" />
                        <RuleParameter Name="CriticalThreshold" Value="2" />
                      </RuleParameters>
                    </ThresholdRule>
                    <ThresholdRule Classname="Microsoft.VisualStudio.TestTools.WebStress.Rules.ThresholdRuleCompareConstant, Microsoft.VisualStudio.QualityTools.LoadTest">
                      <RuleParameters>
                        <RuleParameter Name="AlertIfOver" Value="True" />
                        <RuleParameter Name="WarningThreshold" Value="1.5" />
                        <RuleParameter Name="CriticalThreshold" Value="2" />
                      </RuleParameters>
                    </ThresholdRule>
                    <ThresholdRule Classname="Microsoft.VisualStudio.TestTools.WebStress.Rules.ThresholdRuleCompareConstant, Microsoft.VisualStudio.QualityTools.LoadTest">
                      <RuleParameters>
                        <RuleParameter Name="AlertIfOver" Value="True" />
                        <RuleParameter Name="WarningThreshold" Value="1.5" />
                        <RuleParameter Name="CriticalThreshold" Value="2" />
                      </RuleParameters>
                    </ThresholdRule>
                    <ThresholdRule Classname="Microsoft.VisualStudio.TestTools.WebStress.Rules.ThresholdRuleCompareConstant, Microsoft.VisualStudio.QualityTools.LoadTest">
                      <RuleParameters>
                        <RuleParameter Name="AlertIfOver" Value="True" />
                        <RuleParameter Name="WarningThreshold" Value="1.5" />
                        <RuleParameter Name="CriticalThreshold" Value="2" />
                      </RuleParameters>
                    </ThresholdRule>
                  </ThresholdRules>
                </Counter>
                <Counter Name="Packets Received/sec" RangeGroup="Network Packets" />
                <Counter Name="Packets Sent/sec" RangeGroup="Network Packets" />
                <Counter Name="Current Bandwidth" RangeGroup="Network Bytes" />
                <Counter Name="Bytes Total/sec" RangeGroup="Network Bytes">
                  <ThresholdRules>
                    <ThresholdRule Classname="Microsoft.VisualStudio.TestTools.WebStress.Rules.ThresholdRuleCompareCounters, Microsoft.VisualStudio.QualityTools.LoadTest, Version=10.0.0.0, Culture=neutral, PublicKeyToken=b03f5f7f11d50a3a">
                      <RuleParameters>
                        <RuleParameter Name="DependentCategory" Value="Network Interface" />
                        <RuleParameter Name="DependentCounter" Value="Current Bandwidth" />
                        <RuleParameter Name="DependentInstance" Value="" />
                        <RuleParameter Name="AlertIfOver" Value="True" />
                        <RuleParameter Name="WarningThreshold" Value="0.6" />
                        <RuleParameter Name="CriticalThreshold" Value="0.7" />
                      </RuleParameters>
                    </ThresholdRule>
                    <ThresholdRule Classname="Microsoft.VisualStudio.TestTools.WebStress.Rules.ThresholdRuleCompareCounters, Microsoft.VisualStudio.QualityTools.LoadTest, Version=10.0.0.0, Culture=neutral, PublicKeyToken=b03f5f7f11d50a3a">
                      <RuleParameters>
                        <RuleParameter Name="DependentCategory" Value="Network Interface" />
                        <RuleParameter Name="DependentCounter" Value="Current Bandwidth" />
                        <RuleParameter Name="DependentInstance" Value="" />
                        <RuleParameter Name="AlertIfOver" Value="True" />
                        <RuleParameter Name="WarningThreshold" Value="0.6" />
                        <RuleParameter Name="CriticalThreshold" Value="0.7" />
                      </RuleParameters>
                    </ThresholdRule>
                    <ThresholdRule Classname="Microsoft.VisualStudio.TestTools.WebStress.Rules.ThresholdRuleCompareCounters, Microsoft.VisualStudio.QualityTools.LoadTest, Version=10.0.0.0, Culture=neutral, PublicKeyToken=b03f5f7f11d50a3a">
                      <RuleParameters>
                        <RuleParameter Name="DependentCategory" Value="Network Interface" />
                        <RuleParameter Name="DependentCounter" Value="Current Bandwidth" />
                        <RuleParameter Name="DependentInstance" Value="" />
                        <RuleParameter Name="AlertIfOver" Value="True" />
                        <RuleParameter Name="WarningThreshold" Value="0.6" />
                        <RuleParameter Name="CriticalThreshold" Value="0.7" />
                      </RuleParameters>
                    </ThresholdRule>
                    <ThresholdRule Classname="Microsoft.VisualStudio.TestTools.WebStress.Rules.ThresholdRuleCompareCounters, Microsoft.VisualStudio.QualityTools.LoadTest, Version=10.0.0.0, Culture=neutral, PublicKeyToken=b03f5f7f11d50a3a">
                      <RuleParameters>
                        <RuleParameter Name="DependentCategory" Value="Network Interface" />
                        <RuleParameter Name="DependentCounter" Value="Current Bandwidth" />
                        <RuleParameter Name="DependentInstance" Value="" />
                        <RuleParameter Name="AlertIfOver" Value="True" />
                        <RuleParameter Name="WarningThreshold" Value="0.6" />
                        <RuleParameter Name="CriticalThreshold" Value="0.7" />
                      </RuleParameters>
                    </ThresholdRule>
                    <ThresholdRule Classname="Microsoft.VisualStudio.TestTools.WebStress.Rules.ThresholdRuleCompareCounters, Microsoft.VisualStudio.QualityTools.LoadTest, Version=10.0.0.0, Culture=neutral, PublicKeyToken=b03f5f7f11d50a3a">
                      <RuleParameters>
                        <RuleParameter Name="DependentCategory" Value="Network Interface" />
                        <RuleParameter Name="DependentCounter" Value="Current Bandwidth" />
                        <RuleParameter Name="DependentInstance" Value="" />
                        <RuleParameter Name="AlertIfOver" Value="True" />
                        <RuleParameter Name="WarningThreshold" Value="0.6" />
                        <RuleParameter Name="CriticalThreshold" Value="0.7" />
                      </RuleParameters>
                    </ThresholdRule>
                    <ThresholdRule Classname="Microsoft.VisualStudio.TestTools.WebStress.Rules.ThresholdRuleCompareCounters, Microsoft.VisualStudio.QualityTools.LoadTest, Version=10.0.0.0, Culture=neutral, PublicKeyToken=b03f5f7f11d50a3a">
                      <RuleParameters>
                        <RuleParameter Name="DependentCategory" Value="Network Interface" />
                        <RuleParameter Name="DependentCounter" Value="Current Bandwidth" />
                        <RuleParameter Name="DependentInstance" Value="" />
                        <RuleParameter Name="AlertIfOver" Value="True" />
                        <RuleParameter Name="WarningThreshold" Value="0.6" />
                        <RuleParameter Name="CriticalThreshold" Value="0.7" />
                      </RuleParameters>
                    </ThresholdRule>
                    <ThresholdRule Classname="Microsoft.VisualStudio.TestTools.WebStress.Rules.ThresholdRuleCompareCounters, Microsoft.VisualStudio.QualityTools.LoadTest, Version=10.0.0.0, Culture=neutral, PublicKeyToken=b03f5f7f11d50a3a">
                      <RuleParameters>
                        <RuleParameter Name="DependentCategory" Value="Network Interface" />
                        <RuleParameter Name="DependentCounter" Value="Current Bandwidth" />
                        <RuleParameter Name="DependentInstance" Value="" />
                        <RuleParameter Name="AlertIfOver" Value="True" />
                        <RuleParameter Name="WarningThreshold" Value="0.6" />
                        <RuleParameter Name="CriticalThreshold" Value="0.7" />
                      </RuleParameters>
                    </ThresholdRule>
                    <ThresholdRule Classname="Microsoft.VisualStudio.TestTools.WebStress.Rules.ThresholdRuleCompareCounters, Microsoft.VisualStudio.QualityTools.LoadTest, Version=10.0.0.0, Culture=neutral, PublicKeyToken=b03f5f7f11d50a3a">
                      <RuleParameters>
                        <RuleParameter Name="DependentCategory" Value="Network Interface" />
                        <RuleParameter Name="DependentCounter" Value="Current Bandwidth" />
                        <RuleParameter Name="DependentInstance" Value="" />
                        <RuleParameter Name="AlertIfOver" Value="True" />
                        <RuleParameter Name="WarningThreshold" Value="0.6" />
                        <RuleParameter Name="CriticalThreshold" Value="0.7" />
                      </RuleParameters>
                    </ThresholdRule>
                  </ThresholdRules>
                </Counter>
              </Counters>
              <Instances>
                <Instance Name="*" />
              </Instances>
            </CounterCategory>
            <CounterCategory Name="PhysicalDisk">
              <Counters>
                <Counter Name="% Disk Read Time" Range="100" />
                <Counter Name="% Disk Time" Range="100" />
                <Counter Name="% Disk Write Time" Range="100" />
                <Counter Name="% Idle Time" Range="100" HigherIsBetter="true">
                  <ThresholdRules>
                    <ThresholdRule Classname="Microsoft.VisualStudio.TestTools.WebStress.Rules.ThresholdRuleCompareConstant, Microsoft.VisualStudio.QualityTools.LoadTest">
                      <RuleParameters>
                        <RuleParameter Name="AlertIfOver" Value="False" />
                        <RuleParameter Name="WarningThreshold" Value="40" />
                        <RuleParameter Name="CriticalThreshold" Value="20" />
                      </RuleParameters>
                    </ThresholdRule>
                    <ThresholdRule Classname="Microsoft.VisualStudio.TestTools.WebStress.Rules.ThresholdRuleCompareConstant, Microsoft.VisualStudio.QualityTools.LoadTest">
                      <RuleParameters>
                        <RuleParameter Name="AlertIfOver" Value="False" />
                        <RuleParameter Name="WarningThreshold" Value="40" />
                        <RuleParameter Name="CriticalThreshold" Value="20" />
                      </RuleParameters>
                    </ThresholdRule>
                    <ThresholdRule Classname="Microsoft.VisualStudio.TestTools.WebStress.Rules.ThresholdRuleCompareConstant, Microsoft.VisualStudio.QualityTools.LoadTest">
                      <RuleParameters>
                        <RuleParameter Name="AlertIfOver" Value="False" />
                        <RuleParameter Name="WarningThreshold" Value="40" />
                        <RuleParameter Name="CriticalThreshold" Value="20" />
                      </RuleParameters>
                    </ThresholdRule>
                    <ThresholdRule Classname="Microsoft.VisualStudio.TestTools.WebStress.Rules.ThresholdRuleCompareConstant, Microsoft.VisualStudio.QualityTools.LoadTest">
                      <RuleParameters>
                        <RuleParameter Name="AlertIfOver" Value="False" />
                        <RuleParameter Name="WarningThreshold" Value="40" />
                        <RuleParameter Name="CriticalThreshold" Value="20" />
                      </RuleParameters>
                    </ThresholdRule>
                    <ThresholdRule Classname="Microsoft.VisualStudio.TestTools.WebStress.Rules.ThresholdRuleCompareConstant, Microsoft.VisualStudio.QualityTools.LoadTest">
                      <RuleParameters>
                        <RuleParameter Name="AlertIfOver" Value="False" />
                        <RuleParameter Name="WarningThreshold" Value="40" />
                        <RuleParameter Name="CriticalThreshold" Value="20" />
                      </RuleParameters>
                    </ThresholdRule>
                    <ThresholdRule Classname="Microsoft.VisualStudio.TestTools.WebStress.Rules.ThresholdRuleCompareConstant, Microsoft.VisualStudio.QualityTools.LoadTest">
                      <RuleParameters>
                        <RuleParameter Name="AlertIfOver" Value="False" />
                        <RuleParameter Name="WarningThreshold" Value="40" />
                        <RuleParameter Name="CriticalThreshold" Value="20" />
                      </RuleParameters>
                    </ThresholdRule>
                    <ThresholdRule Classname="Microsoft.VisualStudio.TestTools.WebStress.Rules.ThresholdRuleCompareConstant, Microsoft.VisualStudio.QualityTools.LoadTest">
                      <RuleParameters>
                        <RuleParameter Name="AlertIfOver" Value="False" />
                        <RuleParameter Name="WarningThreshold" Value="40" />
                        <RuleParameter Name="CriticalThreshold" Value="20" />
                      </RuleParameters>
                    </ThresholdRule>
                    <ThresholdRule Classname="Microsoft.VisualStudio.TestTools.WebStress.Rules.ThresholdRuleCompareConstant, Microsoft.VisualStudio.QualityTools.LoadTest">
                      <RuleParameters>
                        <RuleParameter Name="AlertIfOver" Value="False" />
                        <RuleParameter Name="WarningThreshold" Value="40" />
                        <RuleParameter Name="CriticalThreshold" Value="20" />
                      </RuleParameters>
                    </ThresholdRule>
                  </ThresholdRules>
                </Counter>
                <Counter Name="Avg. Disk Bytes/Read" RangeGroup="DiskBytesRate" />
                <Counter Name="Avg. Disk Bytes/Transfer" RangeGroup="DiskBytesRate" />
                <Counter Name="Avg. Disk Bytes/Write" RangeGroup="DiskBytesRate" />
                <Counter Name="Avg. Disk Queue Length" RangeGroup="Disk Queue Length" />
                <Counter Name="Avg. Disk Read Queue Length" RangeGroup="Disk Queue Length" />
                <Counter Name="Avg. Disk Write Queue Length" RangeGroup="Disk Queue Length" />
                <Counter Name="Current Disk Queue Length" RangeGroup="Disk Queue Length" />
                <Counter Name="Avg. Disk sec/Read" RangeGroup="Disk sec" />
                <Counter Name="Avg. Disk sec/Transfer" RangeGroup="Disk sec" />
                <Counter Name="Avg. Disk sec/Write" RangeGroup="Disk sec" />
                <Counter Name="Disk Bytes/sec" RangeGroup="Disk Bytes sec" />
                <Counter Name="Disk Read Bytes/sec" RangeGroup="Disk Bytes sec" />
                <Counter Name="Disk Reads/sec" RangeGroup="Disk Transfers sec" />
                <Counter Name="Disk Transfers/sec" RangeGroup="Disk Transfers sec" />
                <Counter Name="Disk Write Bytes/sec" RangeGroup="Disk Bytes sec" />
                <Counter Name="Disk Writes/sec" RangeGroup="Disk Transfers sec" />
                <Counter Name="Split IO/Sec" RangeGroup="Disk Transfers sec" />
              </Counters>
              <Instances>
                <Instance Name="*" />
              </Instances>
            </CounterCategory>
            <CounterCategory Name="Processor">
              <Counters>
                <Counter Name="% Processor Time" Range="100">
                  <ThresholdRules>
                    <ThresholdRule Classname="Microsoft.VisualStudio.TestTools.WebStress.Rules.ThresholdRuleCompareConstant, Microsoft.VisualStudio.QualityTools.LoadTest">
                      <RuleParameters>
                        <RuleParameter Name="AlertIfOver" Value="True" />
                        <RuleParameter Name="WarningThreshold" Value="75" />
                        <RuleParameter Name="CriticalThreshold" Value="90" />
                      </RuleParameters>
                    </ThresholdRule>
                    <ThresholdRule Classname="Microsoft.VisualStudio.TestTools.WebStress.Rules.ThresholdRuleCompareConstant, Microsoft.VisualStudio.QualityTools.LoadTest">
                      <RuleParameters>
                        <RuleParameter Name="AlertIfOver" Value="True" />
                        <RuleParameter Name="WarningThreshold" Value="75" />
                        <RuleParameter Name="CriticalThreshold" Value="90" />
                      </RuleParameters>
                    </ThresholdRule>
                    <ThresholdRule Classname="Microsoft.VisualStudio.TestTools.WebStress.Rules.ThresholdRuleCompareConstant, Microsoft.VisualStudio.QualityTools.LoadTest">
                      <RuleParameters>
                        <RuleParameter Name="AlertIfOver" Value="True" />
                        <RuleParameter Name="WarningThreshold" Value="75" />
                        <RuleParameter Name="CriticalThreshold" Value="90" />
                      </RuleParameters>
                    </ThresholdRule>
                    <ThresholdRule Classname="Microsoft.VisualStudio.TestTools.WebStress.Rules.ThresholdRuleCompareConstant, Microsoft.VisualStudio.QualityTools.LoadTest">
                      <RuleParameters>
                        <RuleParameter Name="AlertIfOver" Value="True" />
                        <RuleParameter Name="WarningThreshold" Value="75" />
                        <RuleParameter Name="CriticalThreshold" Value="90" />
                      </RuleParameters>
                    </ThresholdRule>
                    <ThresholdRule Classname="Microsoft.VisualStudio.TestTools.WebStress.Rules.ThresholdRuleCompareConstant, Microsoft.VisualStudio.QualityTools.LoadTest">
                      <RuleParameters>
                        <RuleParameter Name="AlertIfOver" Value="True" />
                        <RuleParameter Name="WarningThreshold" Value="75" />
                        <RuleParameter Name="CriticalThreshold" Value="90" />
                      </RuleParameters>
                    </ThresholdRule>
                    <ThresholdRule Classname="Microsoft.VisualStudio.TestTools.WebStress.Rules.ThresholdRuleCompareConstant, Microsoft.VisualStudio.QualityTools.LoadTest">
                      <RuleParameters>
                        <RuleParameter Name="AlertIfOver" Value="True" />
                        <RuleParameter Name="WarningThreshold" Value="75" />
                        <RuleParameter Name="CriticalThreshold" Value="90" />
                      </RuleParameters>
                    </ThresholdRule>
                    <ThresholdRule Classname="Microsoft.VisualStudio.TestTools.WebStress.Rules.ThresholdRuleCompareConstant, Microsoft.VisualStudio.QualityTools.LoadTest">
                      <RuleParameters>
                        <RuleParameter Name="AlertIfOver" Value="True" />
                        <RuleParameter Name="WarningThreshold" Value="75" />
                        <RuleParameter Name="CriticalThreshold" Value="90" />
                      </RuleParameters>
                    </ThresholdRule>
                    <ThresholdRule Classname="Microsoft.VisualStudio.TestTools.WebStress.Rules.ThresholdRuleCompareConstant, Microsoft.VisualStudio.QualityTools.LoadTest">
                      <RuleParameters>
                        <RuleParameter Name="AlertIfOver" Value="True" />
                        <RuleParameter Name="WarningThreshold" Value="75" />
                        <RuleParameter Name="CriticalThreshold" Value="90" />
                      </RuleParameters>
                    </ThresholdRule>
                  </ThresholdRules>
                </Counter>
                <Counter Name="% Privileged Time" Range="100" />
                <Counter Name="% User Time" Range="100" />
              </Counters>
              <Instances>
                <Instance Name="_Total" />
              </Instances>
            </CounterCategory>
            <CounterCategory Name="System">
              <Counters>
                <Counter Name="Context Switches/sec" />
                <Counter Name="Processes" />
                <Counter Name="Processor Queue Length" />
                <Counter Name="Threads" />
              </Counters>
            </CounterCategory>
            <CounterCategory Name="Process">
              <Counters>
                <Counter Name="% Processor Time" RangeGroup="Processor Time" />
                <Counter Name="% Privileged Time" RangeGroup="Processor Time" />
                <Counter Name="% User Time" RangeGroup="Processor Time" />
                <Counter Name="Handle Count" />
                <Counter Name="Thread Count" />
                <Counter Name="Private Bytes" RangeGroup="Memory Bytes" />
                <Counter Name="Virtual Bytes" RangeGroup="Memory Bytes" />
                <Counter Name="Working Set" RangeGroup="Memory Bytes" />
              </Counters>
              <Instances>
                <Instance Name="QTController" />
              </Instances>
            </CounterCategory>
          </CounterCategories>
          <DefaultCountersForAutomaticGraphs>
            <DefaultCounter CategoryName="Processor" CounterName="% Processor Time" InstanceName="_Total" GraphName="" />
            <DefaultCounter CategoryName="Memory" CounterName="Available MBytes" InstanceName="" GraphName="" />
          </DefaultCountersForAutomaticGraphs>
        </CounterSet>
        <CounterSet Name="Agent" CounterSetType="Agent" LocId="CounterSet_Agent">
          <CounterCategories>
            <CounterCategory Name="Memory">
              <Counters>
                <Counter Name="% Committed Bytes In Use" Range="100" />
                <Counter Name="Available MBytes" RangeGroup="Memory Bytes" HigherIsBetter="true">
                  <ThresholdRules>
                    <ThresholdRule Classname="Microsoft.VisualStudio.TestTools.WebStress.Rules.ThresholdRuleCompareConstant, Microsoft.VisualStudio.QualityTools.LoadTest">
                      <RuleParameters>
                        <RuleParameter Name="AlertIfOver" Value="False" />
                        <RuleParameter Name="WarningThreshold" Value="100" />
                        <RuleParameter Name="CriticalThreshold" Value="50" />
                      </RuleParameters>
                    </ThresholdRule>
                  </ThresholdRules>
                </Counter>
                <Counter Name="Page Faults/sec" />
                <Counter Name="Pages/sec" />
                <Counter Name="Pool Paged Bytes" RangeGroup="Memory Bytes" />
                <Counter Name="Pool Nonpaged bytes" RangeGroup="Memory Bytes" />
              </Counters>
            </CounterCategory>
            <CounterCategory Name="Network Interface">
              <Counters>
                <Counter Name="Bytes Received/sec" RangeGroup="Network Bytes" />
                <Counter Name="Bytes Sent/sec" RangeGroup="Network Bytes" />
                <Counter Name="Output Queue Length">
                  <ThresholdRules>
                    <ThresholdRule Classname="Microsoft.VisualStudio.TestTools.WebStress.Rules.ThresholdRuleCompareConstant, Microsoft.VisualStudio.QualityTools.LoadTest">
                      <RuleParameters>
                        <RuleParameter Name="AlertIfOver" Value="True" />
                        <RuleParameter Name="WarningThreshold" Value="1.5" />
                        <RuleParameter Name="CriticalThreshold" Value="2" />
                      </RuleParameters>
                    </ThresholdRule>
                  </ThresholdRules>
                </Counter>
                <Counter Name="Packets Received/sec" RangeGroup="Network Packets" />
                <Counter Name="Packets Sent/sec" RangeGroup="Network Packets" />
                <Counter Name="Current Bandwidth" RangeGroup="Network Bytes" />
                <Counter Name="Bytes Total/sec" RangeGroup="Network Bytes">
                  <ThresholdRules>
                    <ThresholdRule Classname="Microsoft.VisualStudio.TestTools.WebStress.Rules.ThresholdRuleCompareCounters, Microsoft.VisualStudio.QualityTools.LoadTest, Version=10.0.0.0, Culture=neutral, PublicKeyToken=b03f5f7f11d50a3a">
                      <RuleParameters>
                        <RuleParameter Name="DependentCategory" Value="Network Interface" />
                        <RuleParameter Name="DependentCounter" Value="Current Bandwidth" />
                        <RuleParameter Name="DependentInstance" Value="" />
                        <RuleParameter Name="AlertIfOver" Value="True" />
                        <RuleParameter Name="WarningThreshold" Value="0.6" />
                        <RuleParameter Name="CriticalThreshold" Value="0.7" />
                      </RuleParameters>
                    </ThresholdRule>
                  </ThresholdRules>
                </Counter>
              </Counters>
              <Instances>
                <Instance Name="*" />
              </Instances>
            </CounterCategory>
            <CounterCategory Name="PhysicalDisk">
              <Counters>
                <Counter Name="% Disk Read Time" Range="100" />
                <Counter Name="% Disk Time" Range="100" />
                <Counter Name="% Disk Write Time" Range="100" />
                <Counter Name="% Idle Time" Range="100" HigherIsBetter="true">
                  <ThresholdRules>
                    <ThresholdRule Classname="Microsoft.VisualStudio.TestTools.WebStress.Rules.ThresholdRuleCompareConstant, Microsoft.VisualStudio.QualityTools.LoadTest">
                      <RuleParameters>
                        <RuleParameter Name="AlertIfOver" Value="False" />
                        <RuleParameter Name="WarningThreshold" Value="40" />
                        <RuleParameter Name="CriticalThreshold" Value="20" />
                      </RuleParameters>
                    </ThresholdRule>
                  </ThresholdRules>
                </Counter>
                <Counter Name="Avg. Disk Bytes/Read" RangeGroup="DiskBytesRate" />
                <Counter Name="Avg. Disk Bytes/Transfer" RangeGroup="DiskBytesRate" />
                <Counter Name="Avg. Disk Bytes/Write" RangeGroup="DiskBytesRate" />
                <Counter Name="Avg. Disk Queue Length" RangeGroup="Disk Queue Length" />
                <Counter Name="Avg. Disk Read Queue Length" RangeGroup="Disk Queue Length" />
                <Counter Name="Avg. Disk Write Queue Length" RangeGroup="Disk Queue Length" />
                <Counter Name="Current Disk Queue Length" RangeGroup="Disk Queue Length" />
                <Counter Name="Avg. Disk sec/Read" RangeGroup="Disk sec" />
                <Counter Name="Avg. Disk sec/Transfer" RangeGroup="Disk sec" />
                <Counter Name="Avg. Disk sec/Write" RangeGroup="Disk sec" />
                <Counter Name="Disk Bytes/sec" RangeGroup="Disk Bytes sec" />
                <Counter Name="Disk Read Bytes/sec" RangeGroup="Disk Bytes sec" />
                <Counter Name="Disk Reads/sec" RangeGroup="Disk Transfers sec" />
                <Counter Name="Disk Transfers/sec" RangeGroup="Disk Transfers sec" />
                <Counter Name="Disk Write Bytes/sec" RangeGroup="Disk Bytes sec" />
                <Counter Name="Disk Writes/sec" RangeGroup="Disk Transfers sec" />
                <Counter Name="Split IO/Sec" RangeGroup="Disk Transfers sec" />
              </Counters>
              <Instances>
                <Instance Name="*" />
              </Instances>
            </CounterCategory>
            <CounterCategory Name="Processor">
              <Counters>
                <Counter Name="% Processor Time" Range="100">
                  <ThresholdRules>
                    <ThresholdRule Classname="Microsoft.VisualStudio.TestTools.WebStress.Rules.ThresholdRuleCompareConstant, Microsoft.VisualStudio.QualityTools.LoadTest">
                      <RuleParameters>
                        <RuleParameter Name="AlertIfOver" Value="True" />
                        <RuleParameter Name="WarningThreshold" Value="75" />
                        <RuleParameter Name="CriticalThreshold" Value="90" />
                      </RuleParameters>
                    </ThresholdRule>
                  </ThresholdRules>
                </Counter>
                <Counter Name="% Privileged Time" Range="100" />
                <Counter Name="% User Time" Range="100" />
              </Counters>
              <Instances>
                <Instance Name="0" />
                <Instance Name="_Total" />
              </Instances>
            </CounterCategory>
            <CounterCategory Name="System">
              <Counters>
                <Counter Name="Context Switches/sec" />
                <Counter Name="Processes" />
                <Counter Name="Processor Queue Length" />
                <Counter Name="Threads" />
              </Counters>
            </CounterCategory>
            <CounterCategory Name="Process">
              <Counters>
                <Counter Name="% Processor Time" RangeGroup="Processor Time" />
                <Counter Name="% Privileged Time" RangeGroup="Processor Time" />
                <Counter Name="% User Time" RangeGroup="Processor Time" />
                <Counter Name="Handle Count" />
                <Counter Name="Thread Count" />
                <Counter Name="Private Bytes" RangeGroup="Memory Bytes" />
                <Counter Name="Virtual Bytes" RangeGroup="Memory Bytes" />
                <Counter Name="Working Set" RangeGroup="Memory Bytes" />
              </Counters>
              <Instances>
                <Instance Name="devenv" />
                <Instance Name="QTAgentService" />
                <Instance Name="QTAgent" />
                <Instance Name="QTAgent32" />
                <Instance Name="QTDCAgent" />
                <Instance Name="QTDCAgent32" />
              </Instances>
            </CounterCategory>
          </CounterCategories>
          <DefaultCountersForAutomaticGraphs>
            <DefaultCounter CategoryName="Processor" CounterName="% Processor Time" InstanceName="0" GraphName="" RunType="Local" />
            <DefaultCounter CategoryName="Processor" CounterName="% Processor Time" InstanceName="_Total" GraphName="" RunType="Remote" />
            <DefaultCounter CategoryName="Memory" CounterName="Available MBytes" InstanceName="" GraphName="" />
          </DefaultCountersForAutomaticGraphs>
        </CounterSet>
      </CounterSets>
      <RunConfigurations>
        <RunConfiguration Name="Run Settings1" Description="" ResultsStoreType="Database" TimingDetailsStorage="AllIndividualDetails" SaveTestLogsOnError="true" SaveTestLogsFrequency="0" MaxErrorDetails="200" MaxErrorsPerType="1000" MaxThresholdViolations="1000" MaxRequestUrlsReported="1000" UseTestIterations="true" RunDuration="600" WarmupTime="0" CoolDownTime="0" TestIterations="1000" WebTestConnectionModel="ConnectionPerUser" WebTestConnectionPoolSize="50" SampleRate="10" ValidationLevel="Medium" SqlTracingConnectString="" SqlTracingConnectStringDisplayValue="" SqlTracingDirectory="" SqlTracingEnabled="false" SqlTracingMinimumDuration="500" RunUnitTestsInAppDomain="true">
          <CounterSetMappings>
            <CounterSetMapping ComputerName="[CONTROLLER MACHINE]">
              <CounterSetReferences>
                <CounterSetReference CounterSetName="LoadTest" />
                <CounterSetReference CounterSetName="Controller" />
              </CounterSetReferences>
            </CounterSetMapping>
            <CounterSetMapping ComputerName="[AGENT MACHINES]">
              <CounterSetReferences>
                <CounterSetReference CounterSetName="Agent" />
              </CounterSetReferences>
            </CounterSetMapping>
          </CounterSetMappings>
        </RunConfiguration>
      </RunConfigurations>
    </LoadTest>
    <UnitTest name="FrameWork_Test_All_Bases" storage="c:\users\rallen\documents\visual studio 2010\projects\thermofisherscientificcodesamples\thermofisherscientificcodesampletests\bin\debug\thermofisherscientificcodesampletests.dll" id="db977ebd-4a67-c005-d3ac-9a2831c1df55">
      <Execution id="47ea939f-f049-4af4-8e11-ad184340baf7" />
      <TestMethod codeBase="C:/Users/rallen/Documents/Visual Studio 2010/Projects/ThermoFisherScientificCodeSamples/ThermoFisherScientificCodeSampleTests/bin/Debug/ThermoFisherScientificCodeSampleTests.DLL" adapterTypeName="Microsoft.VisualStudio.TestTools.TestTypes.Unit.UnitTestAdapter, Microsoft.VisualStudio.QualityTools.Tips.UnitTest.Adapter, Version=10.0.0.0, Culture=neutral, PublicKeyToken=b03f5f7f11d50a3a" className="ThermoFisherScientificCodeSampleTests.BinaryToolsTest, ThermoFisherScientificCodeSampleTests, Version=1.0.0.0, Culture=neutral, PublicKeyToken=null" name="FrameWork_Test_All_Bases" />
    </UnitTest>
    <UnitTest name="Test_Max_value" storage="c:\users\rallen\documents\visual studio 2010\projects\thermofisherscientificcodesamples\thermofisherscientificcodesampletests\bin\debug\thermofisherscientificcodesampletests.dll" id="649bd73e-4aee-5d47-31f9-a0922a5717e3">
      <Execution id="2458533a-d79c-43be-817b-7e45e66e206a" />
      <TestMethod codeBase="C:/Users/rallen/Documents/Visual Studio 2010/Projects/ThermoFisherScientificCodeSamples/ThermoFisherScientificCodeSampleTests/bin/Debug/ThermoFisherScientificCodeSampleTests.DLL" adapterTypeName="Microsoft.VisualStudio.TestTools.TestTypes.Unit.UnitTestAdapter, Microsoft.VisualStudio.QualityTools.Tips.UnitTest.Adapter, Version=10.0.0.0, Culture=neutral, PublicKeyToken=b03f5f7f11d50a3a" className="ThermoFisherScientificCodeSampleTests.BinaryToolsTest, ThermoFisherScientificCodeSampleTests, Version=1.0.0.0, Culture=neutral, PublicKeyToken=null" name="Test_Max_value" />
    </UnitTest>
    <UnitTest name="Test_All_Methods_Against_Big_file" storage="c:\users\rallen\documents\visual studio 2010\projects\thermofisherscientificcodesamples\thermofisherscientificcodesampletests\bin\debug\thermofisherscientificcodesampletests.dll" id="31566a5b-9c79-9c3b-bfc0-62feb8605e8b">
      <Execution id="bea154fc-7944-43da-92ce-7ca31756091c" />
      <TestMethod codeBase="C:/Users/rallen/Documents/Visual Studio 2010/Projects/ThermoFisherScientificCodeSamples/ThermoFisherScientificCodeSampleTests/bin/Debug/ThermoFisherScientificCodeSampleTests.DLL" adapterTypeName="Microsoft.VisualStudio.TestTools.TestTypes.Unit.UnitTestAdapter, Microsoft.VisualStudio.QualityTools.Tips.UnitTest.Adapter, Version=10.0.0.0, Culture=neutral, PublicKeyToken=b03f5f7f11d50a3a" className="ThermoFisherScientificCodeSampleTests.RemoveSpacesTest, ThermoFisherScientificCodeSampleTests, Version=1.0.0.0, Culture=neutral, PublicKeyToken=null" name="Test_All_Methods_Against_Big_file" />
    </UnitTest>
    <UnitTest name="RemoveSpaces_Should_Remove_All_Spaces" storage="c:\users\rallen\documents\visual studio 2010\projects\thermofisherscientificcodesamples\thermofisherscientificcodesampletests\bin\debug\thermofisherscientificcodesampletests.dll" id="afd117f6-2b60-cf52-0e39-d6e0cf09fe06">
      <Execution id="bbdaa8f6-3c95-480e-8820-c0bc9aad9309" />
      <TestMethod codeBase="C:/Users/rallen/Documents/Visual Studio 2010/Projects/ThermoFisherScientificCodeSamples/ThermoFisherScientificCodeSampleTests/bin/Debug/ThermoFisherScientificCodeSampleTests.DLL" adapterTypeName="Microsoft.VisualStudio.TestTools.TestTypes.Unit.UnitTestAdapter, Microsoft.VisualStudio.QualityTools.Tips.UnitTest.Adapter, Version=10.0.0.0, Culture=neutral, PublicKeyToken=b03f5f7f11d50a3a" className="ThermoFisherScientificCodeSampleTests.RemoveSpacesTest, ThermoFisherScientificCodeSampleTests, Version=1.0.0.0, Culture=neutral, PublicKeyToken=null" name="RemoveSpaces_Should_Remove_All_Spaces" />
    </UnitTest>
    <UnitTest name="Test_All_Methods_Against_null_string" storage="c:\users\rallen\documents\visual studio 2010\projects\thermofisherscientificcodesamples\thermofisherscientificcodesampletests\bin\debug\thermofisherscientificcodesampletests.dll" id="2930be41-66bb-851b-bd4c-018a5a9de27c">
      <Execution id="1a873fa0-05f7-48e9-b955-23ffc0e56ba4" />
      <TestMethod codeBase="C:/Users/rallen/Documents/Visual Studio 2010/Projects/ThermoFisherScientificCodeSamples/ThermoFisherScientificCodeSampleTests/bin/Debug/ThermoFisherScientificCodeSampleTests.DLL" adapterTypeName="Microsoft.VisualStudio.TestTools.TestTypes.Unit.UnitTestAdapter, Microsoft.VisualStudio.QualityTools.Tips.UnitTest.Adapter, Version=10.0.0.0, Culture=neutral, PublicKeyToken=b03f5f7f11d50a3a" className="ThermoFisherScientificCodeSampleTests.RemoveSpacesTest, ThermoFisherScientificCodeSampleTests, Version=1.0.0.0, Culture=neutral, PublicKeyToken=null" name="Test_All_Methods_Against_null_string" />
    </UnitTest>
    <UnitTest name="VerifyAccuracyOfCustomExpanded" storage="c:\users\rallen\documents\visual studio 2010\projects\thermofisherscientificcodesamples\thermofisherscientificcodesampletests\bin\debug\thermofisherscientificcodesampletests.dll" id="66612728-ddd7-9b44-637b-153b9d0b7dea">
      <Execution id="15868e29-e636-4258-bd93-d5e86e7a78a4" />
      <TestMethod codeBase="C:/Users/rallen/Documents/Visual Studio 2010/Projects/ThermoFisherScientificCodeSamples/ThermoFisherScientificCodeSampleTests/bin/Debug/ThermoFisherScientificCodeSampleTests.DLL" adapterTypeName="Microsoft.VisualStudio.TestTools.TestTypes.Unit.UnitTestAdapter, Microsoft.VisualStudio.QualityTools.Tips.UnitTest.Adapter, Version=10.0.0.0, Culture=neutral, PublicKeyToken=b03f5f7f11d50a3a" className="ThermoFisherScientificCodeSampleTests.BinaryToolsTest, ThermoFisherScientificCodeSampleTests, Version=1.0.0.0, Culture=neutral, PublicKeyToken=null" name="VerifyAccuracyOfCustomExpanded" />
    </UnitTest>
    <UnitTest name="Test_Min_value" storage="c:\users\rallen\documents\visual studio 2010\projects\thermofisherscientificcodesamples\thermofisherscientificcodesampletests\bin\debug\thermofisherscientificcodesampletests.dll" id="2bea5c29-0201-fd6f-d6d2-fbf71ea2b604">
      <Execution id="28c46826-367f-4b63-b208-cef9617b8a69" />
      <TestMethod codeBase="C:/Users/rallen/Documents/Visual Studio 2010/Projects/ThermoFisherScientificCodeSamples/ThermoFisherScientificCodeSampleTests/bin/Debug/ThermoFisherScientificCodeSampleTests.DLL" adapterTypeName="Microsoft.VisualStudio.TestTools.TestTypes.Unit.UnitTestAdapter, Microsoft.VisualStudio.QualityTools.Tips.UnitTest.Adapter, Version=10.0.0.0, Culture=neutral, PublicKeyToken=b03f5f7f11d50a3a" className="ThermoFisherScientificCodeSampleTests.BinaryToolsTest, ThermoFisherScientificCodeSampleTests, Version=1.0.0.0, Culture=neutral, PublicKeyToken=null" name="Test_Min_value" />
    </UnitTest>
    <UnitTest name="DecimalToAnyBaseExpanded_Simple_Test" storage="c:\users\rallen\documents\visual studio 2010\projects\thermofisherscientificcodesamples\thermofisherscientificcodesampletests\bin\debug\thermofisherscientificcodesampletests.dll" id="fa4e9a97-3c3f-1d7a-b241-ee01500187f4">
      <Execution id="cc8bd8ac-b8e5-4056-b9b1-b945e95aa5ee" />
      <TestMethod codeBase="C:/Users/rallen/Documents/Visual Studio 2010/Projects/ThermoFisherScientificCodeSamples/ThermoFisherScientificCodeSampleTests/bin/Debug/ThermoFisherScientificCodeSampleTests.DLL" adapterTypeName="Microsoft.VisualStudio.TestTools.TestTypes.Unit.UnitTestAdapter, Microsoft.VisualStudio.QualityTools.Tips.UnitTest.Adapter, Version=10.0.0.0, Culture=neutral, PublicKeyToken=b03f5f7f11d50a3a" className="ThermoFisherScientificCodeSampleTests.BinaryToolsTest, ThermoFisherScientificCodeSampleTests, Version=1.0.0.0, Culture=neutral, PublicKeyToken=null" name="DecimalToAnyBaseExpanded_Simple_Test" />
    </UnitTest>
  </TestDefinitions>
  <TestLists>
    <TestList name="Results Not in a List" id="8c84fa94-04c1-424b-9868-57a2d4851a1d" />
    <TestList name="All Loaded Results" id="19431567-8539-422a-85d7-44ee4e166bda" />
  </TestLists>
  <TestEntries>
    <TestEntry testId="24b5f6a3-cd2e-6557-c743-ca9fb55b8168" executionId="5b7c6f46-b034-4607-8371-7a4c0c410716" testListId="8c84fa94-04c1-424b-9868-57a2d4851a1d" />
    <TestEntry testId="2930be41-66bb-851b-bd4c-018a5a9de27c" executionId="1a873fa0-05f7-48e9-b955-23ffc0e56ba4" testListId="8c84fa94-04c1-424b-9868-57a2d4851a1d" />
    <TestEntry testId="2bea5c29-0201-fd6f-d6d2-fbf71ea2b604" executionId="28c46826-367f-4b63-b208-cef9617b8a69" testListId="8c84fa94-04c1-424b-9868-57a2d4851a1d" />
    <TestEntry testId="31566a5b-9c79-9c3b-bfc0-62feb8605e8b" executionId="bea154fc-7944-43da-92ce-7ca31756091c" testListId="8c84fa94-04c1-424b-9868-57a2d4851a1d" />
    <TestEntry testId="4521557e-6bb1-c2e1-7235-18ad762b2712" executionId="5799bf56-0f30-42ca-bc2a-660ef75a4d0d" testListId="8c84fa94-04c1-424b-9868-57a2d4851a1d" />
    <TestEntry testId="4f1a8139-2ecd-30c5-5e9f-22e91cd5f3b1" executionId="e482344a-2b12-4605-8e34-6131e08705e4" testListId="8c84fa94-04c1-424b-9868-57a2d4851a1d" />
    <TestEntry testId="5314bee0-b236-78d9-5d3e-06200d35405c" executionId="4ddf2330-fb14-4ab1-b9c4-6922b65bce24" testListId="8c84fa94-04c1-424b-9868-57a2d4851a1d" />
    <TestEntry testId="5f185f43-c96a-57b8-a8fb-a3bd70fd2e86" executionId="c7a07092-68a2-4339-9572-a109fa60ddab" testListId="8c84fa94-04c1-424b-9868-57a2d4851a1d" />
    <TestEntry testId="649bd73e-4aee-5d47-31f9-a0922a5717e3" executionId="2458533a-d79c-43be-817b-7e45e66e206a" testListId="8c84fa94-04c1-424b-9868-57a2d4851a1d" />
    <TestEntry testId="66612728-ddd7-9b44-637b-153b9d0b7dea" executionId="15868e29-e636-4258-bd93-d5e86e7a78a4" testListId="8c84fa94-04c1-424b-9868-57a2d4851a1d" />
    <TestEntry isTransparent="false" testId="67e4a884-b7d8-4d7d-beff-42c665e4c614" executionId="073a8296-a6b0-48f0-8e91-28e67f9cf2a4" testListId="8c84fa94-04c1-424b-9868-57a2d4851a1d">
      <TestEntries>
        <TestEntry testId="6d589604-2491-e2da-6afc-109adb6edcb3" executionId="dd368679-fb30-4409-aa2a-8d2f583e01b0" parentExecutionId="073a8296-a6b0-48f0-8e91-28e67f9cf2a4" testListId="8c84fa94-04c1-424b-9868-57a2d4851a1d" />
        <TestEntry testId="cfde39b1-b5fd-29fe-7f0c-4405cafae970" executionId="6af9c011-02df-45ac-b919-b1f2b9176913" parentExecutionId="073a8296-a6b0-48f0-8e91-28e67f9cf2a4" testListId="8c84fa94-04c1-424b-9868-57a2d4851a1d" />
        <TestEntry testId="afd117f6-2b60-cf52-0e39-d6e0cf09fe06" executionId="972a5bd1-8396-40c9-852e-f0b799a361c3" parentExecutionId="073a8296-a6b0-48f0-8e91-28e67f9cf2a4" testListId="8c84fa94-04c1-424b-9868-57a2d4851a1d" />
        <TestEntry testId="4f1a8139-2ecd-30c5-5e9f-22e91cd5f3b1" executionId="c775688c-1d67-4877-bad9-dac46d07ce1c" parentExecutionId="073a8296-a6b0-48f0-8e91-28e67f9cf2a4" testListId="8c84fa94-04c1-424b-9868-57a2d4851a1d" />
        <TestEntry testId="5314bee0-b236-78d9-5d3e-06200d35405c" executionId="07f31506-aa26-46da-ae0a-59a798806662" parentExecutionId="073a8296-a6b0-48f0-8e91-28e67f9cf2a4" testListId="8c84fa94-04c1-424b-9868-57a2d4851a1d" />
      </TestEntries>
    </TestEntry>
    <TestEntry testId="6d589604-2491-e2da-6afc-109adb6edcb3" executionId="eb9eb34a-ad71-47fa-a7e0-3edf145b8e6b" testListId="8c84fa94-04c1-424b-9868-57a2d4851a1d" />
    <TestEntry testId="901b2ee2-8712-eeb3-d9a4-5a1cbdf0715e" executionId="2eb07eda-3864-438b-ae09-99fb8794307a" testListId="8c84fa94-04c1-424b-9868-57a2d4851a1d" />
    <TestEntry testId="995c84b0-0b08-d65b-e13b-37f729e56182" executionId="5f9597d3-2855-47dc-b57d-ae0dba1bccb9" testListId="8c84fa94-04c1-424b-9868-57a2d4851a1d" />
    <TestEntry testId="afd117f6-2b60-cf52-0e39-d6e0cf09fe06" executionId="bbdaa8f6-3c95-480e-8820-c0bc9aad9309" testListId="8c84fa94-04c1-424b-9868-57a2d4851a1d" />
    <TestEntry testId="bb0a01ad-5185-5e7f-ff14-553f6f16037c" executionId="201a23d8-01d2-428b-8280-b110d4949900" testListId="8c84fa94-04c1-424b-9868-57a2d4851a1d" />
    <TestEntry testId="c1b0866d-7d9f-eea5-de47-f04bc6f8c38e" executionId="3ca89a62-bb35-4da8-8355-21ef893441d4" testListId="8c84fa94-04c1-424b-9868-57a2d4851a1d" />
    <TestEntry testId="cfde39b1-b5fd-29fe-7f0c-4405cafae970" executionId="694ec25e-85e1-4c45-866b-1b885e27d089" testListId="8c84fa94-04c1-424b-9868-57a2d4851a1d" />
    <TestEntry testId="d14946ee-eabe-a9d1-bd96-ef65fcb93ed0" executionId="c9e274d3-b19e-4112-8df7-61397bff830e" testListId="8c84fa94-04c1-424b-9868-57a2d4851a1d" />
    <TestEntry testId="db977ebd-4a67-c005-d3ac-9a2831c1df55" executionId="47ea939f-f049-4af4-8e11-ad184340baf7" testListId="8c84fa94-04c1-424b-9868-57a2d4851a1d" />
    <TestEntry testId="ea2a1d6e-c10e-2769-6e75-02c6ed756307" executionId="7dc68890-3927-432f-97a9-6f7bf903944e" testListId="8c84fa94-04c1-424b-9868-57a2d4851a1d" />
    <TestEntry testId="f336e2c2-1889-4000-7f0e-a4e55c5810d0" executionId="22bb4c50-b415-4b0f-b9e4-a77ec04cfd82" testListId="8c84fa94-04c1-424b-9868-57a2d4851a1d" />
    <TestEntry testId="fa4e9a97-3c3f-1d7a-b241-ee01500187f4" executionId="cc8bd8ac-b8e5-4056-b9b1-b945e95aa5ee" testListId="8c84fa94-04c1-424b-9868-57a2d4851a1d" />
  </TestEntries>
  <Results>
    <UnitTestResult executionId="5b7c6f46-b034-4607-8371-7a4c0c410716" testId="24b5f6a3-cd2e-6557-c743-ca9fb55b8168" testName="DecimalToBinaryTest" computerName="RALLEN-PC" duration="00:00:00.0580022" startTime="2011-04-23T16:15:43.7511918-06:00" endTime="2011-04-23T16:15:43.8721987-06:00" testType="13cdc9d9-ddb5-4fa4-a97d-d965ccfc6d4b" outcome="Passed" testListId="8c84fa94-04c1-424b-9868-57a2d4851a1d" relativeResultsDirectory="5b7c6f46-b034-4607-8371-7a4c0c410716">
    </UnitTestResult>
    <UnitTestResult executionId="1a873fa0-05f7-48e9-b955-23ffc0e56ba4" testId="2930be41-66bb-851b-bd4c-018a5a9de27c" testName="Test_All_Methods_Against_null_string" computerName="RALLEN-PC" duration="00:00:00.0030781" startTime="2011-04-23T16:15:43.8901997-06:00" endTime="2011-04-23T16:15:43.9122010-06:00" testType="13cdc9d9-ddb5-4fa4-a97d-d965ccfc6d4b" outcome="Passed" testListId="8c84fa94-04c1-424b-9868-57a2d4851a1d" relativeResultsDirectory="1a873fa0-05f7-48e9-b955-23ffc0e56ba4">
    </UnitTestResult>
    <UnitTestResult executionId="28c46826-367f-4b63-b208-cef9617b8a69" testId="2bea5c29-0201-fd6f-d6d2-fbf71ea2b604" testName="Test_Min_value" computerName="RALLEN-PC" duration="00:00:00.0077909" startTime="2011-04-23T16:15:43.9482030-06:00" endTime="2011-04-23T16:15:43.9772047-06:00" testType="13cdc9d9-ddb5-4fa4-a97d-d965ccfc6d4b" outcome="Passed" testListId="8c84fa94-04c1-424b-9868-57a2d4851a1d" relativeResultsDirectory="28c46826-367f-4b63-b208-cef9617b8a69">
    </UnitTestResult>
    <UnitTestResult executionId="bea154fc-7944-43da-92ce-7ca31756091c" testId="31566a5b-9c79-9c3b-bfc0-62feb8605e8b" testName="Test_All_Methods_Against_Big_file" computerName="RALLEN-PC" duration="00:00:00.0101485" startTime="2011-04-23T16:15:44.0662098-06:00" endTime="2011-04-23T16:15:44.1302134-06:00" testType="13cdc9d9-ddb5-4fa4-a97d-d965ccfc6d4b" outcome="Passed" testListId="8c84fa94-04c1-424b-9868-57a2d4851a1d" relativeResultsDirectory="bea154fc-7944-43da-92ce-7ca31756091c">
    </UnitTestResult>
    <UnitTestResult executionId="5799bf56-0f30-42ca-bc2a-660ef75a4d0d" testId="4521557e-6bb1-c2e1-7235-18ad762b2712" testName="TestIntMaxValueCustom" computerName="RALLEN-PC" duration="00:00:00.0271682" startTime="2011-04-23T16:15:44.1892168-06:00" endTime="2011-04-23T16:15:44.2512204-06:00" testType="13cdc9d9-ddb5-4fa4-a97d-d965ccfc6d4b" outcome="Passed" testListId="8c84fa94-04c1-424b-9868-57a2d4851a1d" relativeResultsDirectory="5799bf56-0f30-42ca-bc2a-660ef75a4d0d">
    </UnitTestResult>
    <UnitTestResult executionId="e482344a-2b12-4605-8e34-6131e08705e4" testId="4f1a8139-2ecd-30c5-5e9f-22e91cd5f3b1" testName="RemoveSpaces_StringBuilder_foreach_Should_Remove_All_Spaces" computerName="RALLEN-PC" duration="00:00:00.0464436" startTime="2011-04-23T16:15:44.2952229-06:00" endTime="2011-04-23T16:15:44.4052292-06:00" testType="13cdc9d9-ddb5-4fa4-a97d-d965ccfc6d4b" outcome="Passed" testListId="8c84fa94-04c1-424b-9868-57a2d4851a1d" relativeResultsDirectory="e482344a-2b12-4605-8e34-6131e08705e4">
    </UnitTestResult>
    <UnitTestResult executionId="4ddf2330-fb14-4ab1-b9c4-6922b65bce24" testId="5314bee0-b236-78d9-5d3e-06200d35405c" testName="RemoveSpaces_StringBuilder_Should_Remove_All_Spaces" computerName="RALLEN-PC" duration="00:00:00.0031986" startTime="2011-04-23T16:15:44.5552377-06:00" endTime="2011-04-23T16:15:44.5992403-06:00" testType="13cdc9d9-ddb5-4fa4-a97d-d965ccfc6d4b" outcome="Passed" testListId="8c84fa94-04c1-424b-9868-57a2d4851a1d" relativeResultsDirectory="4ddf2330-fb14-4ab1-b9c4-6922b65bce24">
    </UnitTestResult>
    <UnitTestResult executionId="c7a07092-68a2-4339-9572-a109fa60ddab" testId="5f185f43-c96a-57b8-a8fb-a3bd70fd2e86" testName="DecimalToBinary_FasterTest" computerName="RALLEN-PC" duration="00:00:00.0118166" startTime="2011-04-23T16:15:44.6932456-06:00" endTime="2011-04-23T16:15:44.7972516-06:00" testType="13cdc9d9-ddb5-4fa4-a97d-d965ccfc6d4b" outcome="Passed" testListId="8c84fa94-04c1-424b-9868-57a2d4851a1d" relativeResultsDirectory="c7a07092-68a2-4339-9572-a109fa60ddab">
    </UnitTestResult>
    <UnitTestResult executionId="2458533a-d79c-43be-817b-7e45e66e206a" testId="649bd73e-4aee-5d47-31f9-a0922a5717e3" testName="Test_Max_value" computerName="RALLEN-PC" duration="00:00:00.0026371" startTime="2011-04-23T16:15:44.8502546-06:00" endTime="2011-04-23T16:15:44.8772562-06:00" testType="13cdc9d9-ddb5-4fa4-a97d-d965ccfc6d4b" outcome="Passed" testListId="8c84fa94-04c1-424b-9868-57a2d4851a1d" relativeResultsDirectory="2458533a-d79c-43be-817b-7e45e66e206a">
    </UnitTestResult>
    <UnitTestResult executionId="15868e29-e636-4258-bd93-d5e86e7a78a4" testId="66612728-ddd7-9b44-637b-153b9d0b7dea" testName="VerifyAccuracyOfCustomExpanded" computerName="RALLEN-PC" duration="00:00:00.0107545" startTime="2011-04-23T16:15:44.9112581-06:00" endTime="2011-04-23T16:15:44.9722616-06:00" testType="13cdc9d9-ddb5-4fa4-a97d-d965ccfc6d4b" outcome="Passed" testListId="8c84fa94-04c1-424b-9868-57a2d4851a1d" relativeResultsDirectory="15868e29-e636-4258-bd93-d5e86e7a78a4">
    </UnitTestResult>
    <LoadTestResult executionId="073a8296-a6b0-48f0-8e91-28e67f9cf2a4" testId="67e4a884-b7d8-4d7d-beff-42c665e4c614" testName="RemoveSpacesPerformanceTest" computerName="RALLEN-PC" duration="00:00:18.0530326" startTime="2011-04-23T16:15:24.7531051-06:00" endTime="2011-04-23T16:15:42.8061377-06:00" testType="fa4c85ff-1236-4463-b954-3ba2f0eabd95" outcome="Completed" testListId="8c84fa94-04c1-424b-9868-57a2d4851a1d" relativeResultsDirectory="073a8296-a6b0-48f0-8e91-28e67f9cf2a4" runId="12" controllerStartTime="2011-04-23T16:15:24.7531051-06:00" runStatus="Stopped" resultsStoreType="Database" resultsRepositoryConnectString="LAs4ogoKlDfcWXXBMFGtf1MhPY6ZJI19Lyh4oztAgRg2YJCcYniaNGnhYdd07sZorrXdWYjc5SGgOmJfuJPO2s+RcdsNIRREoM3oiqW4AHUIEhVIMteVZVFyNrNu/di+" loadTestDuration="600" loadTestWarmupTime="0" previouslyViewed="false">
      <Summary>
        <PerformanceCounterResults>
          <PerformanceCounterResult isOverallResultCounter="true" higherIsBetter="true" machineName="RALLEN-PC" categoryName="LoadTest:Scenario" counterName="User Load" instanceName="_Total" value="10" />
          <PerformanceCounterResult isOverallResultCounter="true" higherIsBetter="true" machineName="RALLEN-PC" categoryName="LoadTest:Test" counterName="Total Tests" instanceName="_Total" value="1000" />
          <PerformanceCounterResult isOverallResultCounter="true" higherIsBetter="false" machineName="RALLEN-PC" categoryName="LoadTest:Test" counterName="Failed Tests" instanceName="_Total" value="0" />
          <PerformanceCounterResult isOverallResultCounter="true" higherIsBetter="true" machineName="RALLEN-PC" categoryName="LoadTest:Test" counterName="Tests/Sec" instanceName="_Total" value="55.3923569" />
          <PerformanceCounterResult isOverallResultCounter="true" higherIsBetter="false" machineName="RALLEN-PC" categoryName="LoadTest:Test" counterName="Avg. Test Time" instanceName="_Total" value="0.00104799983" />
          <PerformanceCounterResult isOverallResultCounter="false" higherIsBetter="false" machineName="RALLEN-PC" categoryName="Processor" counterName="% Processor Time" instanceName="_Total" value="70.3872" />
          <PerformanceCounterResult isOverallResultCounter="false" higherIsBetter="true" machineName="RALLEN-PC" categoryName="Memory" counterName="Available MBytes" instanceName="-" value="907" />
          <PerformanceCounterResult isOverallResultCounter="false" higherIsBetter="false" machineName="RALLEN-PC" categoryName="Network Interface" counterName="Bytes Received/sec" instanceName="intel[r] pro_1000 pl network connection" value="6232.84033" />
          <PerformanceCounterResult isOverallResultCounter="false" higherIsBetter="false" machineName="RALLEN-PC" categoryName="Network Interface" counterName="Bytes Received/sec" instanceName="isatap.hsd1.co.comcast.net." value="0" />
          <PerformanceCounterResult isOverallResultCounter="false" higherIsBetter="false" machineName="RALLEN-PC" categoryName="Network Interface" counterName="Bytes Received/sec" instanceName="local area connection* 9" value="0" />
          <PerformanceCounterResult isOverallResultCounter="false" higherIsBetter="false" machineName="RALLEN-PC" categoryName="Network Interface" counterName="Bytes Sent/sec" instanceName="intel[r] pro_1000 pl network connection" value="515.0933" />
          <PerformanceCounterResult isOverallResultCounter="false" higherIsBetter="false" machineName="RALLEN-PC" categoryName="Network Interface" counterName="Bytes Sent/sec" instanceName="isatap.hsd1.co.comcast.net." value="0" />
          <PerformanceCounterResult isOverallResultCounter="false" higherIsBetter="false" machineName="RALLEN-PC" categoryName="Network Interface" counterName="Bytes Sent/sec" instanceName="local area connection* 9" value="0" />
        </PerformanceCounterResults>
        <TestSummaries>
          <TestSummary scenarioName="Scenario1" testName="RemoveSpaces_StringBuilder_Should_Remove_All_Spaces" totalTests="205" testsFailed="0" averageDuration="1" />
          <TestSummary scenarioName="Scenario1" testName="RemoveSpaces_Should_Remove_All_Spaces" totalTests="195" testsFailed="0" averageDuration="1" />
          <TestSummary scenarioName="Scenario1" testName="RemoveSpaces_CustomReplace_Should_Remove_All_Spaces" totalTests="199" testsFailed="0" averageDuration="0" />
          <TestSummary scenarioName="Scenario1" testName="RemoveSpaces_LINQ_Should_Remove_All_Spaces" totalTests="187" testsFailed="0" averageDuration="1" />
          <TestSummary scenarioName="Scenario1" testName="RemoveSpaces_StringBuilder_foreach_Should_Remove_All_Spaces" totalTests="214" testsFailed="0" averageDuration="0" />
        </TestSummaries>
      </Summary>
    </LoadTestResult>
    <UnitTestResult executionId="eb9eb34a-ad71-47fa-a7e0-3edf145b8e6b" testId="6d589604-2491-e2da-6afc-109adb6edcb3" testName="RemoveSpaces_CustomReplace_Should_Remove_All_Spaces" computerName="RALLEN-PC" duration="00:00:00.0058128" startTime="2011-04-23T16:15:45.0062635-06:00" endTime="2011-04-23T16:15:45.0322650-06:00" testType="13cdc9d9-ddb5-4fa4-a97d-d965ccfc6d4b" outcome="Passed" testListId="8c84fa94-04c1-424b-9868-57a2d4851a1d" relativeResultsDirectory="eb9eb34a-ad71-47fa-a7e0-3edf145b8e6b">
    </UnitTestResult>
    <UnitTestResult executionId="2eb07eda-3864-438b-ae09-99fb8794307a" testId="901b2ee2-8712-eeb3-d9a4-5a1cbdf0715e" testName="Test_All_Methods_Against_String_with_no_spaces" computerName="RALLEN-PC" duration="00:00:00.0035610" startTime="2011-04-23T16:15:45.0562664-06:00" endTime="2011-04-23T16:15:45.1002689-06:00" testType="13cdc9d9-ddb5-4fa4-a97d-d965ccfc6d4b" outcome="Passed" testListId="8c84fa94-04c1-424b-9868-57a2d4851a1d" relativeResultsDirectory="2eb07eda-3864-438b-ae09-99fb8794307a">
    </UnitTestResult>
    <UnitTestResult executionId="5f9597d3-2855-47dc-b57d-ae0dba1bccb9" testId="995c84b0-0b08-d65b-e13b-37f729e56182" testName="BadInput" computerName="RALLEN-PC" duration="00:00:00.0055079" startTime="2011-04-23T16:15:45.1352709-06:00" endTime="2011-04-23T16:15:45.1622725-06:00" testType="13cdc9d9-ddb5-4fa4-a97d-d965ccfc6d4b" outcome="Passed" testListId="8c84fa94-04c1-424b-9868-57a2d4851a1d" relativeResultsDirectory="5f9597d3-2855-47dc-b57d-ae0dba1bccb9">
    </UnitTestResult>
    <UnitTestResult executionId="bbdaa8f6-3c95-480e-8820-c0bc9aad9309" testId="afd117f6-2b60-cf52-0e39-d6e0cf09fe06" testName="RemoveSpaces_Should_Remove_All_Spaces" computerName="RALLEN-PC" duration="00:00:00.0023698" startTime="2011-04-23T16:15:45.1792734-06:00" endTime="2011-04-23T16:15:45.1992746-06:00" testType="13cdc9d9-ddb5-4fa4-a97d-d965ccfc6d4b" outcome="Passed" testListId="8c84fa94-04c1-424b-9868-57a2d4851a1d" relativeResultsDirectory="bbdaa8f6-3c95-480e-8820-c0bc9aad9309">
    </UnitTestResult>
    <UnitTestResult executionId="201a23d8-01d2-428b-8280-b110d4949900" testId="bb0a01ad-5185-5e7f-ff14-553f6f16037c" testName="GetFibonacciTest" computerName="RALLEN-PC" duration="00:00:00.0059442" startTime="2011-04-23T16:15:45.2172756-06:00" endTime="2011-04-23T16:15:45.2402769-06:00" testType="13cdc9d9-ddb5-4fa4-a97d-d965ccfc6d4b" outcome="Passed" testListId="8c84fa94-04c1-424b-9868-57a2d4851a1d" relativeResultsDirectory="201a23d8-01d2-428b-8280-b110d4949900">
    </UnitTestResult>
    <UnitTestResult executionId="3ca89a62-bb35-4da8-8355-21ef893441d4" testId="c1b0866d-7d9f-eea5-de47-f04bc6f8c38e" testName="DecimalToAnyBaseCustomTests" computerName="RALLEN-PC" duration="00:00:00.0179997" startTime="2011-04-23T16:15:45.2572779-06:00" endTime="2011-04-23T16:15:45.2952801-06:00" testType="13cdc9d9-ddb5-4fa4-a97d-d965ccfc6d4b" outcome="Passed" testListId="8c84fa94-04c1-424b-9868-57a2d4851a1d" relativeResultsDirectory="3ca89a62-bb35-4da8-8355-21ef893441d4">
    </UnitTestResult>
    <UnitTestResult executionId="694ec25e-85e1-4c45-866b-1b885e27d089" testId="cfde39b1-b5fd-29fe-7f0c-4405cafae970" testName="RemoveSpaces_LINQ_Should_Remove_All_Spaces" computerName="RALLEN-PC" duration="00:00:00.0065700" startTime="2011-04-23T16:15:45.3292820-06:00" endTime="2011-04-23T16:15:45.3522833-06:00" testType="13cdc9d9-ddb5-4fa4-a97d-d965ccfc6d4b" outcome="Passed" testListId="8c84fa94-04c1-424b-9868-57a2d4851a1d" relativeResultsDirectory="694ec25e-85e1-4c45-866b-1b885e27d089">
    </UnitTestResult>
    <UnitTestResult executionId="c9e274d3-b19e-4112-8df7-61397bff830e" testId="d14946ee-eabe-a9d1-bd96-ef65fcb93ed0" testName="TestLowerNumbers" computerName="RALLEN-PC" duration="00:00:00.0034511" startTime="2011-04-23T16:15:45.3712844-06:00" endTime="2011-04-23T16:15:45.4412884-06:00" testType="13cdc9d9-ddb5-4fa4-a97d-d965ccfc6d4b" outcome="Passed" testListId="8c84fa94-04c1-424b-9868-57a2d4851a1d" relativeResultsDirectory="c9e274d3-b19e-4112-8df7-61397bff830e">
    </UnitTestResult>
    <UnitTestResult executionId="47ea939f-f049-4af4-8e11-ad184340baf7" testId="db977ebd-4a67-c005-d3ac-9a2831c1df55" testName="FrameWork_Test_All_Bases" computerName="RALLEN-PC" duration="00:00:00.0045591" startTime="2011-04-23T16:15:45.4642897-06:00" endTime="2011-04-23T16:15:45.4872911-06:00" testType="13cdc9d9-ddb5-4fa4-a97d-d965ccfc6d4b" outcome="Passed" testListId="8c84fa94-04c1-424b-9868-57a2d4851a1d" relativeResultsDirectory="47ea939f-f049-4af4-8e11-ad184340baf7">
    </UnitTestResult>
    <UnitTestResult executionId="7dc68890-3927-432f-97a9-6f7bf903944e" testId="ea2a1d6e-c10e-2769-6e75-02c6ed756307" testName="DecimalToAnyBaseExpandedTest" computerName="RALLEN-PC" duration="00:00:00.0028951" startTime="2011-04-23T16:15:45.5002918-06:00" endTime="2011-04-23T16:15:45.5202929-06:00" testType="13cdc9d9-ddb5-4fa4-a97d-d965ccfc6d4b" outcome="Passed" testListId="8c84fa94-04c1-424b-9868-57a2d4851a1d" relativeResultsDirectory="7dc68890-3927-432f-97a9-6f7bf903944e">
    </UnitTestResult>
    <UnitTestResult executionId="22bb4c50-b415-4b0f-b9e4-a77ec04cfd82" testId="f336e2c2-1889-4000-7f0e-a4e55c5810d0" testName="FrameworkMethod_Should_Be_Same_As_Custom" computerName="RALLEN-PC" duration="00:00:00.0032253" startTime="2011-04-23T16:15:45.5492946-06:00" endTime="2011-04-23T16:15:45.5712959-06:00" testType="13cdc9d9-ddb5-4fa4-a97d-d965ccfc6d4b" outcome="Passed" testListId="8c84fa94-04c1-424b-9868-57a2d4851a1d" relativeResultsDirectory="22bb4c50-b415-4b0f-b9e4-a77ec04cfd82">
    </UnitTestResult>
    <UnitTestResult executionId="cc8bd8ac-b8e5-4056-b9b1-b945e95aa5ee" testId="fa4e9a97-3c3f-1d7a-b241-ee01500187f4" testName="DecimalToAnyBaseExpanded_Simple_Test" computerName="RALLEN-PC" duration="00:00:00.0027192" startTime="2011-04-23T16:15:45.5842966-06:00" endTime="2011-04-23T16:15:45.6032977-06:00" testType="13cdc9d9-ddb5-4fa4-a97d-d965ccfc6d4b" outcome="Passed" testListId="8c84fa94-04c1-424b-9868-57a2d4851a1d" relativeResultsDirectory="cc8bd8ac-b8e5-4056-b9b1-b945e95aa5ee">
    </UnitTestResult>
  </Results>
</TestRun>